/COM,ANSYS RELEASE Release 18.0      BUILD 18.0      UP20161219       15:57:58

 *** ERROR ***     SUPPRESSED MESSAGE    CP =       2.906   TIME= 16:00:13
 *DO loop invalid parameter name: 1.  Command terminated.                

 *** WARNING ***   SUPPRESSED MESSAGE    CP =       3.438   TIME= 16:00:15
 Unknown parameter name= W1.  A value of 7.888609052E-31 will be used.   

 *** WARNING ***   SUPPRESSED MESSAGE    CP =       3.438   TIME= 16:00:15
 Unknown parameter name= W1.  A value of 7.888609052E-31 will be used.   

 *** WARNING ***   SUPPRESSED MESSAGE    CP =       4.156   TIME= 16:00:16
 The mesh of area 5 contains PLANE182 triangles, which are much too      
 stiff in bending.  Use quadratic (6- or 8-node) elements if possible.   

 *** WARNING ***   SUPPRESSED MESSAGE    CP =       5.719   TIME= 16:00:19
 Node 0 of *GET command is undefined.                                    
  Line= *GET, u, NODE, NDNEXT, u, y                                      
  The *GET command is ignored.                                           

 *** WARNING ***   SUPPRESSED MESSAGE    CP =       5.734   TIME= 16:00:19
 Unknown parameter name= U.  A value of 7.888609052E-31 will be used.    

 *** ERROR ***     SUPPRESSED MESSAGE    CP =       5.797   TIME= 16:00:19
 *DO loop invalid parameter name: 1.  Command terminated.                

 *** WARNING ***   SUPPRESSED MESSAGE    CP =       5.891   TIME= 16:00:20
 No *DO active, *ENDDO ignored.                                          

 *** WARNING ***   SUPPRESSED MESSAGE    CP =       9.594   TIME= 16:02:50
 The mesh of area 5 contains PLANE182 triangles, which are much too      
 stiff in bending.  Use quadratic (6- or 8-node) elements if possible.   

 *** WARNING ***   SUPPRESSED MESSAGE    CP =      10.531   TIME= 16:02:52
 Node 0 of *GET command is undefined.                                    
  Line= *GET, u, NODE, NDNEXT, u, y                                      
  The *GET command is ignored.                                           

 *** WARNING ***   SUPPRESSED MESSAGE    CP =      10.547   TIME= 16:02:52
 Unknown parameter name= U.  A value of 7.888609052E-31 will be used.    

 *** WARNING ***   SUPPRESSED MESSAGE    CP =      11.641   TIME= 16:02:54
 Node 0 of *GET command is undefined.                                    
  Line= *GET, u, NODE, NDNEXT, u, y                                      
  The *GET command is ignored.                                           

 *** WARNING ***   SUPPRESSED MESSAGE    CP =      11.641   TIME= 16:02:54
 Unknown parameter name= U.  A value of 7.888609052E-31 will be used.    

 *** WARNING ***   SUPPRESSED MESSAGE    CP =      12.844   TIME= 16:02:56
 Node 0 of *GET command is undefined.                                    
  Line= *GET, u, NODE, NDNEXT, u, y                                      
  The *GET command is ignored.                                           

 *** WARNING ***   SUPPRESSED MESSAGE    CP =      12.844   TIME= 16:02:56
 Unknown parameter name= U.  A value of 7.888609052E-31 will be used.    

 *** WARNING ***   SUPPRESSED MESSAGE    CP =      14.297   TIME= 16:02:58
 Node 0 of *GET command is undefined.                                    
  Line= *GET, u, NODE, NDNEXT, u, y                                      
  The *GET command is ignored.                                           

 *** WARNING ***   SUPPRESSED MESSAGE    CP =      14.297   TIME= 16:02:58
 Unknown parameter name= U.  A value of 7.888609052E-31 will be used.    

 *** WARNING ***   SUPPRESSED MESSAGE    CP =      14.438   TIME= 16:02:58
 The mesh of area 5 contains PLANE182 triangles, which are much too      
 stiff in bending.  Use quadratic (6- or 8-node) elements if possible.   

 *** WARNING ***   SUPPRESSED MESSAGE    CP =      15.203   TIME= 16:03:00
 Node 0 of *GET command is undefined.                                    
  Line= *GET, u, NODE, NDNEXT, u, y                                      
  The *GET command is ignored.                                           

 *** WARNING ***   SUPPRESSED MESSAGE    CP =      15.203   TIME= 16:03:00
 Unknown parameter name= U.  A value of 7.888609052E-31 will be used.    

 *** WARNING ***   SUPPRESSED MESSAGE    CP =      15.328   TIME= 16:03:00
 The mesh of area 5 contains PLANE182 triangles, which are much too      
 stiff in bending.  Use quadratic (6- or 8-node) elements if possible.   

 *** WARNING ***   SUPPRESSED MESSAGE    CP =      16.328   TIME= 16:03:01
 Node 0 of *GET command is undefined.                                    
  Line= *GET, u, NODE, NDNEXT, u, y                                      
  The *GET command is ignored.                                           

 *** WARNING ***   SUPPRESSED MESSAGE    CP =      16.328   TIME= 16:03:01
 Unknown parameter name= U.  A value of 7.888609052E-31 will be used.    

 *** WARNING ***   SUPPRESSED MESSAGE    CP =      20.656   TIME= 16:06:40
 The mesh of area 5 contains PLANE182 triangles, which are much too      
 stiff in bending.  Use quadratic (6- or 8-node) elements if possible.   

 *** WARNING ***   SUPPRESSED MESSAGE    CP =      21.938   TIME= 16:06:41
 Node 0 of *GET command is undefined.                                    
  Line= *GET, u, NODE, NDNEXT, u, y                                      
  The *GET command is ignored.                                           

 *** WARNING ***   SUPPRESSED MESSAGE    CP =      21.969   TIME= 16:06:41
 Unknown parameter name= U.  A value of 7.888609052E-31 will be used.    

 *** WARNING ***   SUPPRESSED MESSAGE    CP =      23.172   TIME= 16:06:43
 Node 0 of *GET command is undefined.                                    
  Line= *GET, u, NODE, NDNEXT, u, y                                      
  The *GET command is ignored.                                           

 *** WARNING ***   SUPPRESSED MESSAGE    CP =      23.172   TIME= 16:06:43
 Unknown parameter name= U.  A value of 7.888609052E-31 will be used.    

 *** WARNING ***   SUPPRESSED MESSAGE    CP =      24.391   TIME= 16:06:45
 Node 0 of *GET command is undefined.                                    
  Line= *GET, u, NODE, NDNEXT, u, y                                      
  The *GET command is ignored.                                           

 *** WARNING ***   SUPPRESSED MESSAGE    CP =      24.391   TIME= 16:06:45
 Unknown parameter name= U.  A value of 7.888609052E-31 will be used.    

 *** WARNING ***   SUPPRESSED MESSAGE    CP =      25.641   TIME= 16:06:47
 Node 0 of *GET command is undefined.                                    
  Line= *GET, u, NODE, NDNEXT, u, y                                      
  The *GET command is ignored.                                           

 *** WARNING ***   SUPPRESSED MESSAGE    CP =      25.641   TIME= 16:06:47
 Unknown parameter name= U.  A value of 7.888609052E-31 will be used.    

 *** WARNING ***   SUPPRESSED MESSAGE    CP =      25.766   TIME= 16:06:47
 The mesh of area 5 contains PLANE182 triangles, which are much too      
 stiff in bending.  Use quadratic (6- or 8-node) elements if possible.   

 *** WARNING ***   SUPPRESSED MESSAGE    CP =      26.391   TIME= 16:06:49
 Node 0 of *GET command is undefined.                                    
  Line= *GET, u, NODE, NDNEXT, u, y                                      
  The *GET command is ignored.                                           

 *** WARNING ***   SUPPRESSED MESSAGE    CP =      26.391   TIME= 16:06:49
 Unknown parameter name= U.  A value of 7.888609052E-31 will be used.    

 *** WARNING ***   SUPPRESSED MESSAGE    CP =      26.484   TIME= 16:06:49
 The mesh of area 5 contains PLANE182 triangles, which are much too      
 stiff in bending.  Use quadratic (6- or 8-node) elements if possible.   

 *** WARNING ***   SUPPRESSED MESSAGE    CP =      27.375   TIME= 16:06:50
 Node 0 of *GET command is undefined.                                    
  Line= *GET, u, NODE, NDNEXT, u, y                                      
  The *GET command is ignored.                                           

 *** WARNING ***   SUPPRESSED MESSAGE    CP =      27.375   TIME= 16:06:50
 Unknown parameter name= U.  A value of 7.888609052E-31 will be used.    

 *** WARNING ***   SUPPRESSED MESSAGE    CP =      32.688   TIME= 16:07:25
 The mesh of area 5 contains PLANE182 triangles, which are much too      
 stiff in bending.  Use quadratic (6- or 8-node) elements if possible.   

 *** WARNING ***   SUPPRESSED MESSAGE    CP =      34.047   TIME= 16:07:27
 Node 0 of *GET command is undefined.                                    
  Line= *GET, u, NODE, NDNEXT, u, y                                      
  The *GET command is ignored.                                           

 *** WARNING ***   SUPPRESSED MESSAGE    CP =      34.094   TIME= 16:07:27
 Unknown parameter name= U.  A value of 7.888609052E-31 will be used.    

 *** WARNING ***   SUPPRESSED MESSAGE    CP =      35.250   TIME= 16:07:29
 Node 0 of *GET command is undefined.                                    
  Line= *GET, u, NODE, NDNEXT, u, y                                      
  The *GET command is ignored.                                           

 *** WARNING ***   SUPPRESSED MESSAGE    CP =      35.250   TIME= 16:07:29
 Unknown parameter name= U.  A value of 7.888609052E-31 will be used.    

 *** WARNING ***   SUPPRESSED MESSAGE    CP =      36.453   TIME= 16:07:31
 Node 0 of *GET command is undefined.                                    
  Line= *GET, u, NODE, NDNEXT, u, y                                      
  The *GET command is ignored.                                           

 *** WARNING ***   SUPPRESSED MESSAGE    CP =      36.453   TIME= 16:07:31
 Unknown parameter name= U.  A value of 7.888609052E-31 will be used.    

 *** WARNING ***   SUPPRESSED MESSAGE    CP =      37.828   TIME= 16:07:33
 Node 0 of *GET command is undefined.                                    
  Line= *GET, u, NODE, NDNEXT, u, y                                      
  The *GET command is ignored.                                           

 *** WARNING ***   SUPPRESSED MESSAGE    CP =      37.828   TIME= 16:07:33
 Unknown parameter name= U.  A value of 7.888609052E-31 will be used.    

 *** WARNING ***   SUPPRESSED MESSAGE    CP =      37.938   TIME= 16:07:33
 The mesh of area 5 contains PLANE182 triangles, which are much too      
 stiff in bending.  Use quadratic (6- or 8-node) elements if possible.   

 *** WARNING ***   SUPPRESSED MESSAGE    CP =      38.719   TIME= 16:07:35
 Node 0 of *GET command is undefined.                                    
  Line= *GET, u, NODE, NDNEXT, u, y                                      
  The *GET command is ignored.                                           

 *** WARNING ***   SUPPRESSED MESSAGE    CP =      38.719   TIME= 16:07:35
 Unknown parameter name= U.  A value of 7.888609052E-31 will be used.    

 *** WARNING ***   SUPPRESSED MESSAGE    CP =      38.859   TIME= 16:07:35
 The mesh of area 5 contains PLANE182 triangles, which are much too      
 stiff in bending.  Use quadratic (6- or 8-node) elements if possible.   

 *** WARNING ***   SUPPRESSED MESSAGE    CP =      39.609   TIME= 16:07:36
 Node 0 of *GET command is undefined.                                    
  Line= *GET, u, NODE, NDNEXT, u, y                                      
  The *GET command is ignored.                                           

 *** WARNING ***   SUPPRESSED MESSAGE    CP =      39.609   TIME= 16:07:36
 Unknown parameter name= U.  A value of 7.888609052E-31 will be used.    

 *** WARNING ***   SUPPRESSED MESSAGE    CP =      46.125   TIME= 16:08:23
 The mesh of area 5 contains PLANE182 triangles, which are much too      
 stiff in bending.  Use quadratic (6- or 8-node) elements if possible.   

 *** WARNING ***   SUPPRESSED MESSAGE    CP =      47.547   TIME= 16:08:25
 Node 0 of *GET command is undefined.                                    
  Line= *GET, u, NODE, NDNEXT, u, y                                      
  The *GET command is ignored.                                           

 *** WARNING ***   SUPPRESSED MESSAGE    CP =      47.594   TIME= 16:08:25
 Unknown parameter name= U.  A value of 7.888609052E-31 will be used.    

 *** WARNING ***   SUPPRESSED MESSAGE    CP =      47.969   TIME= 16:08:26
 The mesh of area 5 contains PLANE182 triangles, which are much too      
 stiff in bending.  Use quadratic (6- or 8-node) elements if possible.   

 *** WARNING ***   SUPPRESSED MESSAGE    CP =      49.078   TIME= 16:08:27
 Node 0 of *GET command is undefined.                                    
  Line= *GET, u, NODE, NDNEXT, u, y                                      
  The *GET command is ignored.                                           

 *** WARNING ***   SUPPRESSED MESSAGE    CP =      49.078   TIME= 16:08:27
 Unknown parameter name= U.  A value of 7.888609052E-31 will be used.    

 *** WARNING ***   SUPPRESSED MESSAGE    CP =      49.188   TIME= 16:08:27
 The mesh of area 5 contains PLANE182 triangles, which are much too      
 stiff in bending.  Use quadratic (6- or 8-node) elements if possible.   

 *** WARNING ***   SUPPRESSED MESSAGE    CP =      50.406   TIME= 16:08:29
 Node 0 of *GET command is undefined.                                    
  Line= *GET, u, NODE, NDNEXT, u, y                                      
  The *GET command is ignored.                                           

 *** WARNING ***   SUPPRESSED MESSAGE    CP =      50.406   TIME= 16:08:29
 Unknown parameter name= U.  A value of 7.888609052E-31 will be used.    

 *** WARNING ***   SUPPRESSED MESSAGE    CP =      50.531   TIME= 16:08:29
 The mesh of area 5 contains PLANE182 triangles, which are much too      
 stiff in bending.  Use quadratic (6- or 8-node) elements if possible.   

 *** WARNING ***   SUPPRESSED MESSAGE    CP =      51.609   TIME= 16:08:31
 Node 0 of *GET command is undefined.                                    
  Line= *GET, u, NODE, NDNEXT, u, y                                      
  The *GET command is ignored.                                           

 *** WARNING ***   SUPPRESSED MESSAGE    CP =      51.609   TIME= 16:08:31
 Unknown parameter name= U.  A value of 7.888609052E-31 will be used.    

 *** WARNING ***   SUPPRESSED MESSAGE    CP =      52.641   TIME= 16:08:33
 Node 0 of *GET command is undefined.                                    
  Line= *GET, u, NODE, NDNEXT, u, y                                      
  The *GET command is ignored.                                           

 *** WARNING ***   SUPPRESSED MESSAGE    CP =      52.641   TIME= 16:08:33
 Unknown parameter name= U.  A value of 7.888609052E-31 will be used.    

 *** WARNING ***   SUPPRESSED MESSAGE    CP =      52.750   TIME= 16:08:33
 The mesh of area 5 contains PLANE182 triangles, which are much too      
 stiff in bending.  Use quadratic (6- or 8-node) elements if possible.   

 *** WARNING ***   SUPPRESSED MESSAGE    CP =      54.000   TIME= 16:08:34
 Node 0 of *GET command is undefined.                                    
  Line= *GET, u, NODE, NDNEXT, u, y                                      
  The *GET command is ignored.                                           

 *** WARNING ***   SUPPRESSED MESSAGE    CP =      54.000   TIME= 16:08:34
 Unknown parameter name= U.  A value of 7.888609052E-31 will be used.    

 *** ERROR ***     SUPPRESSED MESSAGE    CP =      54.031   TIME= 16:08:34
 Subscript 1 is out of range for parameter C                             
  Specified value is 7 Maximum value is 6.                               

 *** WARNING ***   SUPPRESSED MESSAGE    CP =      61.844   TIME= 16:10:47
 The mesh of area 5 contains PLANE182 triangles, which are much too      
 stiff in bending.  Use quadratic (6- or 8-node) elements if possible.   

 *** WARNING ***   SUPPRESSED MESSAGE    CP =      63.609   TIME= 16:10:49
 Node 0 of *GET command is undefined.                                    
  Line= *GET, u, NODE, NDNEXT, u, y                                      
  The *GET command is ignored.                                           

 *** WARNING ***   SUPPRESSED MESSAGE    CP =      63.672   TIME= 16:10:49
 Unknown parameter name= U.  A value of 7.888609052E-31 will be used.    

 *** WARNING ***   SUPPRESSED MESSAGE    CP =      64.781   TIME= 16:10:51
 Node 0 of *GET command is undefined.                                    
  Line= *GET, u, NODE, NDNEXT, u, y                                      
  The *GET command is ignored.                                           

 *** WARNING ***   SUPPRESSED MESSAGE    CP =      64.781   TIME= 16:10:51
 Unknown parameter name= U.  A value of 7.888609052E-31 will be used.    

 *** WARNING ***   SUPPRESSED MESSAGE    CP =      65.797   TIME= 16:10:53
 Node 0 of *GET command is undefined.                                    
  Line= *GET, u, NODE, NDNEXT, u, y                                      
  The *GET command is ignored.                                           

 *** WARNING ***   SUPPRESSED MESSAGE    CP =      65.797   TIME= 16:10:53
 Unknown parameter name= U.  A value of 7.888609052E-31 will be used.    

 *** WARNING ***   SUPPRESSED MESSAGE    CP =      65.891   TIME= 16:10:53
 The mesh of area 5 contains PLANE182 triangles, which are much too      
 stiff in bending.  Use quadratic (6- or 8-node) elements if possible.   

 *** WARNING ***   SUPPRESSED MESSAGE    CP =      67.062   TIME= 16:10:55
 Node 0 of *GET command is undefined.                                    
  Line= *GET, u, NODE, NDNEXT, u, y                                      
  The *GET command is ignored.                                           

 *** WARNING ***   SUPPRESSED MESSAGE    CP =      67.062   TIME= 16:10:55
 Unknown parameter name= U.  A value of 7.888609052E-31 will be used.    

 *** WARNING ***   SUPPRESSED MESSAGE    CP =      67.953   TIME= 16:10:57
 Node 0 of *GET command is undefined.                                    
  Line= *GET, u, NODE, NDNEXT, u, y                                      
  The *GET command is ignored.                                           

 *** WARNING ***   SUPPRESSED MESSAGE    CP =      67.953   TIME= 16:10:57
 Unknown parameter name= U.  A value of 7.888609052E-31 will be used.    

 *** WARNING ***   SUPPRESSED MESSAGE    CP =      68.938   TIME= 16:10:59
 Node 0 of *GET command is undefined.                                    
  Line= *GET, u, NODE, NDNEXT, u, y                                      
  The *GET command is ignored.                                           

 *** WARNING ***   SUPPRESSED MESSAGE    CP =      68.938   TIME= 16:10:59
 Unknown parameter name= U.  A value of 7.888609052E-31 will be used.    

 *** ERROR ***     SUPPRESSED MESSAGE    CP =      68.984   TIME= 16:10:59
 Subscript 1 is out of range for parameter C                             
  Specified value is 7 Maximum value is 6.                               

 *** ERROR ***     SUPPRESSED MESSAGE    CP =      69.250   TIME= 16:11:00
 Subscript 1 is out of range for parameter C                             
  Specified value is 7 Maximum value is 6.                               

 *** ERROR ***     SUPPRESSED MESSAGE    CP =      69.312   TIME= 16:11:01
 Subscript 1 is out of range for parameter C                             
  Specified value is 7 Maximum value is 6.                               

 *** ERROR ***     SUPPRESSED MESSAGE    CP =      69.312   TIME= 16:11:01
 Subscript 1 is out of range for parameter C                             
  Specified value is 7 Maximum value is 6.                               

 *** ERROR ***     SUPPRESSED MESSAGE    CP =      69.312   TIME= 16:11:01
 Subscript 1 is out of range for parameter C                             
  Specified value is 7 Maximum value is 6.                               

 *** WARNING ***   SUPPRESSED MESSAGE    CP =      70.094   TIME= 16:11:03
 Node 0 of *GET command is undefined.                                    
  Line= *GET, u, NODE, NDNEXT, u, y                                      
  The *GET command is ignored.                                           

 *** WARNING ***   SUPPRESSED MESSAGE    CP =      70.094   TIME= 16:11:03
 Unknown parameter name= U.  A value of 7.888609052E-31 will be used.    

 *** ERROR ***     SUPPRESSED MESSAGE    CP =      70.094   TIME= 16:11:03
 Subscript 1 is out of range for parameter C                             
  Specified value is 7 Maximum value is 6.                               

 *** ERROR ***     SUPPRESSED MESSAGE    CP =      70.141   TIME= 16:11:03
 Subscript 1 is out of range for parameter C                             
  Specified value is 8 Maximum value is 6.                               

 *** WARNING ***   SUPPRESSED MESSAGE    CP =      70.516   TIME= 16:11:08
 No *DO active, *ENDDO ignored.                                          
