/BATCH  
/COM,ANSYS RELEASE Release 18.0      BUILD 18.0      UP20161219       11:59:50
/input,menust,tmp,''
/GRA,POWER
/GST,ON
/PLO,INFO,3
/GRO,CURL,ON
/CPLANE,1   
/REPLOT,RESIZE  
WPSTYLE,,,,,,,,0
!################################################   
!### Projektarbeit Jonathan Schnitzler     ######   
!### Datengenerierung für Neuronales Netz  ######  
!################################################   
/nerr,0 
*do,j,1,10,1
/com,   
*enddo  
/COM *** 5.2.2 ANSYS APDL ***   
finish  
/clear,start
/COM,ANSYS RELEASE Release 18.0      BUILD 18.0      UP20161219       12:39:29
/input,start,ans,'C:\Program Files\ANSYS Inc\v180\ANSYS\apdl\'  
!-----------------  
!Parameter  
!-----------------  
*SET,xStart , 0 
*SET,yStart , 0 
*SET,height , 8 
*SET,width , 8  
*SET,doorX , 1  
*SET,doorY , 2  
*SET,windW , 1.25   
*SET,windH , 1.25   
*SET,margin , 1 
*SET,windMargin , 0.125 
*SET,doorStep , 1   
*SET,data , 0   
*SET,meshsize , 0.5 
*SET,verfein , 1
*SET,steps , 6  
*SET,maxWStep , 11  
*SET,n , 0  
!*ask,startVal,Anfangswert,0
*SET,startVal , 0   
! S 
*SET,size , steps * (maxWStep+1)*maxWStep /2
*SET,nParam , 9 
*dim, c,, size,nParam, 1 ! Example Matrix   
*SET,enow , 0   
*do, ct, 1, steps   
*do, ct2, 1, 8  
*SET,c(ct,ct2) , startVal   
*enddo  
*enddo  
! ---------------------------------------   
! *** loop to restart the calculation ***   
!----------------------------------------   
*do,door,1,steps,doorStep   
*do, w1, 0, maxWStep,1  
*do, w2, w1,maxWStep,1  
*SET,n , n + 1  
!-----------------  
!Initialize Iter
!-----------------  
parsav,all  
finish  
/clear,start
/COM,ANSYS RELEASE Release 18.0      BUILD 18.0      UP20161219       12:39:30
/input,start,ans,'C:\Program Files\ANSYS Inc\v180\ANSYS\apdl\'  
parres  
!colW1 = w1 
!rowW1 = 1  
!colW2 = 2  
!rowW2 = 2  
*SET,colW1 , MOD(w1,4)  
*SET,rowW1 , (w1 - colW1)/4 
*SET,colW2 , MOD(w2,4)  
*SET,rowW2 , (w2 - colW2)/4 
*SET,wind1X , margin + colW1*(2* windMargin + windW) + windMargin   
*SET,wind1Y , height - margin - (rowW1+1)*(2*windMargin + windW) + windMargin   
*SET,wind2X , margin + colW2*(2* windMargin + windW) + windMargin   
*SET,wind2Y , height - margin - (rowW2+1)*(2*windMargin + windW) + windMargin   
/prep7  
!-----------------  
! Saving initial Param  
!-----------------  
*SET,c(n,1) , door  
*SET,c(n,2) , wind1X
*SET,c(n,3) , wind1Y
*SET,c(n,4) , wind2X
*SET,c(n,5) , wind2Y
!-----------------  
!Create House   
!-----------------  
BLC4,xStart, yStart, width, height !House   
BLC4,door,yStart, doorX, doorY !Door
BLC4,wind1X,wind1Y,windW,windH !Window  
BLC4,wind2X,wind2Y,windW,windH !2nd Window  
!Selecting and deleting the area of Door and the two windows
FLST,3,3,5,ORDE,2   
FITEM,3,2   
FITEM,3,-4  
ASBA,       1,P51X  
!-----------------  
! Material  
!-----------------  
ET,1,PLANE182   
KEYOPT,1,1,0
KEYOPT,1,3,3
KEYOPT,1,6,0
r,1,0.2 
mp,ex,1,30000000
mp,prxy,1,0.2   
dl,17,,all  
dl,18,,all  
sfl,3,pres,250000000
!-----------------  
! Mesh  
!-----------------  
esize,meshsize  
amesh,all   
cpintf,all  
FINISH  
/SOL
solve   
FINISH  
/POST1  
!-----------------  
! Value at point 4,4
!-----------------  
!!!!!!!!!!!!!!!!!!!!!!!!!!!!!!!!!!  
! T O   D O !!!!!!!!!!!!!!!!!!!!!!  
!!!!!!!!!!!!!!!!!!!!!!!!!!!!!!!!!!  
!Checken ob wir wirklich die Lösung bekommen die wir wollen
! maximale Verschiebung bei 4,4 
allsel  
nsel,s,loc,x,4 !select  
nsel,r,loc,y,4 !reselect
*get,u,NODE,NDNEXT(0),u,y   
*SET,c(n,6) , u 
*enddo  
/COM,ANSYS RELEASE Release 18.0      BUILD 18.0      UP20161219       12:39:48
*enddo  
/COM,ANSYS RELEASE Release 18.0      BUILD 18.0      UP20161219       12:40:49
*enddo  
!!! Writes out Matrix to matlab 
*dmat, exportmatrix, D, import, APDL, c ! export to matrix file 
*export, exportmatrix, mmf, mytemp.mtx  
! *** exit the programm *** 
!------------------------------------------------   
finish  
!/exit  
!################################################   
!### Projektarbeit Jonathan Schnitzler     ######   
!### Datengenerierung für Neuronales Netz  ######  
!################################################   
/nerr,0 
*do,j,1,10,1
/com,   
*enddo  
/COM *** 5.2.2 ANSYS APDL ***   
finish  
/clear,start
/COM,ANSYS RELEASE Release 18.0      BUILD 18.0      UP20161219       12:40:53
/input,start,ans,'C:\Program Files\ANSYS Inc\v180\ANSYS\apdl\'  
!-----------------  
!Parameter  
!-----------------  
*SET,xStart , 0 
*SET,yStart , 0 
*SET,height , 8 
*SET,width , 8  
*SET,doorX , 1  
*SET,doorY , 2  
*SET,windW , 1.25   
*SET,windH , 1.25   
*SET,margin , 1 
*SET,windMargin , 0.125 
*SET,doorStep , 1   
*SET,data , 0   
*SET,meshsize , 0.5 
*SET,verfein , 1
*SET,steps , 6  
*SET,maxWStep , 11  
*SET,n , 0  
!*ask,startVal,Anfangswert,0
*SET,startVal , 0   
! S 
*SET,size , steps * (maxWStep+1)*maxWStep /2
*SET,nParam , 9 
*dim, c,, size,nParam, 1 ! Example Matrix   
*SET,enow , 0   
*do, ct, 1, steps   
*do, ct2, 1, 8  
*SET,c(ct,ct2) , startVal   
*enddo  
*enddo  
! ---------------------------------------   
! *** loop to restart the calculation ***   
!----------------------------------------   
*do,door,1,steps,doorStep   
*do, w1, 0, maxWStep,1  
*do, w2, w1+1,maxWStep,1
*SET,n , n + 1  
!-----------------  
!Initialize Iter
!-----------------  
parsav,all  
finish  
/clear,start
/COM,ANSYS RELEASE Release 18.0      BUILD 18.0      UP20161219       12:40:55
/input,start,ans,'C:\Program Files\ANSYS Inc\v180\ANSYS\apdl\'  
parres  
!colW1 = w1 
!rowW1 = 1  
!colW2 = 2  
!rowW2 = 2  
*SET,colW1 , MOD(w1,4)  
*SET,rowW1 , (w1 - colW1)/4 
*SET,colW2 , MOD(w2,4)  
*SET,rowW2 , (w2 - colW2)/4 
*SET,wind1X , margin + colW1*(2* windMargin + windW) + windMargin   
*SET,wind1Y , height - margin - (rowW1+1)*(2*windMargin + windW) + windMargin   
*SET,wind2X , margin + colW2*(2* windMargin + windW) + windMargin   
*SET,wind2Y , height - margin - (rowW2+1)*(2*windMargin + windW) + windMargin   
/prep7  
!-----------------  
! Saving initial Param  
!-----------------  
*SET,c(n,1) , door  
*SET,c(n,2) , wind1X
*SET,c(n,3) , wind1Y
*SET,c(n,4) , wind2X
*SET,c(n,5) , wind2Y
!-----------------  
!Create House   
!-----------------  
BLC4,xStart, yStart, width, height !House   
BLC4,door,yStart, doorX, doorY !Door
BLC4,wind1X,wind1Y,windW,windH !Window  
BLC4,wind2X,wind2Y,windW,windH !2nd Window  
!Selecting and deleting the area of Door and the two windows
FLST,3,3,5,ORDE,2   
FITEM,3,2   
FITEM,3,-4  
ASBA,       1,P51X  
!-----------------  
! Material  
!-----------------  
ET,1,PLANE182   
KEYOPT,1,1,0
KEYOPT,1,3,3
KEYOPT,1,6,0
r,1,0.2 
mp,ex,1,30000000
mp,prxy,1,0.2   
dl,17,,all  
dl,18,,all  
sfl,3,pres,250000000
!-----------------  
! Mesh  
!-----------------  
esize,meshsize  
amesh,all   
cpintf,all  
FINISH  
/SOL
solve   
FINISH  
/POST1  
!-----------------  
! Value at point 4,4
!-----------------  
!!!!!!!!!!!!!!!!!!!!!!!!!!!!!!!!!!  
! T O   D O !!!!!!!!!!!!!!!!!!!!!!  
!!!!!!!!!!!!!!!!!!!!!!!!!!!!!!!!!!  
!Checken ob wir wirklich die Lösung bekommen die wir wollen
! maximale Verschiebung bei 4,4 
allsel  
nsel,s,loc,x,4 !select  
nsel,r,loc,y,4 !reselect
*get,u,NODE,NDNEXT(0),u,y   
*SET,c(n,6) , u 
*enddo  
/COM,ANSYS RELEASE Release 18.0      BUILD 18.0      UP20161219       12:42:42
*enddo  
/COM,ANSYS RELEASE Release 18.0      BUILD 18.0      UP20161219       12:42:44
*enddo  
!!! Writes out Matrix to matlab 
*dmat, exportmatrix, D, import, APDL, c ! export to matrix file 
*export, exportmatrix, mmf, mytemp.mtx  
! *** exit the programm *** 
!------------------------------------------------   
finish  
!/exit  
!################################################   
!### Projektarbeit Jonathan Schnitzler     ######   
!### Datengenerierung für Neuronales Netz  ######  
!################################################   
/nerr,0 
*do,j,1,10,1
/com,   
*enddo  
/COM *** 5.2.2 ANSYS APDL ***   
finish  
/clear,start
/COM,ANSYS RELEASE Release 18.0      BUILD 18.0      UP20161219       12:42:47
/input,start,ans,'C:\Program Files\ANSYS Inc\v180\ANSYS\apdl\'  
!-----------------  
!Parameter  
!-----------------  
*SET,xStart , 0 
*SET,yStart , 0 
*SET,height , 8 
*SET,width , 8  
*SET,doorX , 1  
*SET,doorY , 2  
*SET,windW , 1.25   
*SET,windH , 1.25   
*SET,margin , 1 
*SET,windMargin , 0.125 
*SET,doorStep , 1   
*SET,data , 0   
*SET,meshsize , 0.5 
*SET,verfein , 1
*SET,steps , 6  
*SET,maxWStep , 11  
*SET,n , 0  
!*ask,startVal,Anfangswert,0
*SET,startVal , 0   
! S 
*SET,size , steps * (maxWStep+1)*maxWStep /2
*SET,nParam , 9 
*dim, c,, 1000,nParam, 1 ! Example Matrix   
*SET,enow , 0   
*do, ct, 1, steps   
*do, ct2, 1, 8  
*SET,c(ct,ct2) , startVal   
*enddo  
*enddo  
! ---------------------------------------   
! *** loop to restart the calculation ***   
!----------------------------------------   
*do,door,1,steps,doorStep   
*do, w1, 0, maxWStep,1  
*do, w2, w1+1,maxWStep,1
*SET,n , n + 1  
!-----------------  
!Initialize Iter
!-----------------  
parsav,all  
finish  
/clear,start
/COM,ANSYS RELEASE Release 18.0      BUILD 18.0      UP20161219       12:42:50
/input,start,ans,'C:\Program Files\ANSYS Inc\v180\ANSYS\apdl\'  
parres  
!colW1 = w1 
!rowW1 = 1  
!colW2 = 2  
!rowW2 = 2  
*SET,colW1 , MOD(w1,4)  
*SET,rowW1 , (w1 - colW1)/4 
*SET,colW2 , MOD(w2,4)  
*SET,rowW2 , (w2 - colW2)/4 
*SET,wind1X , margin + colW1*(2* windMargin + windW) + windMargin   
*SET,wind1Y , height - margin - (rowW1+1)*(2*windMargin + windW) + windMargin   
*SET,wind2X , margin + colW2*(2* windMargin + windW) + windMargin   
*SET,wind2Y , height - margin - (rowW2+1)*(2*windMargin + windW) + windMargin   
/prep7  
!-----------------  
! Saving initial Param  
!-----------------  
*SET,c(n,1) , door  
*SET,c(n,2) , wind1X
*SET,c(n,3) , wind1Y
*SET,c(n,4) , wind2X
*SET,c(n,5) , wind2Y
!-----------------  
!Create House   
!-----------------  
BLC4,xStart, yStart, width, height !House   
BLC4,door,yStart, doorX, doorY !Door
BLC4,wind1X,wind1Y,windW,windH !Window  
BLC4,wind2X,wind2Y,windW,windH !2nd Window  
!Selecting and deleting the area of Door and the two windows
FLST,3,3,5,ORDE,2   
FITEM,3,2   
FITEM,3,-4  
ASBA,       1,P51X  
!-----------------  
! Material  
!-----------------  
ET,1,PLANE182   
KEYOPT,1,1,0
KEYOPT,1,3,3
KEYOPT,1,6,0
r,1,0.2 
mp,ex,1,30000000
mp,prxy,1,0.2   
dl,17,,all  
dl,18,,all  
sfl,3,pres,250000000
!-----------------  
! Mesh  
!-----------------  
esize,meshsize  
amesh,all   
cpintf,all  
FINISH  
/SOL
solve   
FINISH  
/POST1  
!-----------------  
! Value at point 4,4
!-----------------  
!!!!!!!!!!!!!!!!!!!!!!!!!!!!!!!!!!  
! T O   D O !!!!!!!!!!!!!!!!!!!!!!  
!!!!!!!!!!!!!!!!!!!!!!!!!!!!!!!!!!  
!Checken ob wir wirklich die Lösung bekommen die wir wollen
! maximale Verschiebung bei 4,4 
allsel  
nsel,s,loc,x,4 !select  
nsel,r,loc,y,4 !reselect
*get,u,NODE,NDNEXT(0),u,y   
*SET,c(n,6) , u 
*enddo  
/COM,ANSYS RELEASE Release 18.0      BUILD 18.0      UP20161219       12:43:11
*enddo  
/COM,ANSYS RELEASE Release 18.0      BUILD 18.0      UP20161219       12:44:50
*enddo  
/COM,ANSYS RELEASE Release 18.0      BUILD 18.0      UP20161219       12:54:15
!!! Writes out Matrix to matlab 
*dmat, exportmatrix, D, import, APDL, c ! export to matrix file 
*export, exportmatrix, mmf, mytemp.mtx  
! *** exit the programm *** 
!------------------------------------------------   
finish  
!/exit  
!################################################   
!### Projektarbeit Jonathan Schnitzler     ######   
!### Datengenerierung für Neuronales Netz  ######  
!################################################   
/nerr,0 
*do,j,1,10,1
/com,   
*enddo  
/COM *** 5.2.2 ANSYS APDL ***   
finish  
/clear,start
/COM,ANSYS RELEASE Release 18.0      BUILD 18.0      UP20161219       12:59:23
/input,start,ans,'C:\Program Files\ANSYS Inc\v180\ANSYS\apdl\'  
!-----------------  
!Parameter  
!-----------------  
*SET,xStart , 0 
*SET,yStart , 0 
*SET,height , 8 
*SET,width , 8  
*SET,doorX , 1  
*SET,doorY , 2  
*SET,windW , 1.25   
*SET,windH , 1.25   
*SET,margin , 1 
*SET,windMargin , 0.125 
*SET,doorStep , 1   
*SET,data , 0   
*SET,meshsize , 0.5 
*SET,verfein , 1
*SET,steps , 6  
*SET,maxWStep , 14  
*SET,n , 0  
!*ask,startVal,Anfangswert,0
*SET,startVal , 0   
! S 
*SET,size , steps * (maxWStep+1)*maxWStep /2
*SET,nParam , 9 
*dim, c,, 1000,nParam, 1 ! Example Matrix   
*SET,enow , 0   
*do, ct, 1, steps   
*do, ct2, 1, 8  
*SET,c(ct,ct2) , startVal   
*enddo  
*enddo  
! ---------------------------------------   
! *** loop to restart the calculation ***   
!----------------------------------------   
*do,door,1,steps,doorStep   
*do, w1, 0, maxWStep,1  
*do, w2, w1+1,maxWStep,1
*SET,n , n + 1  
!-----------------  
!Initialize Iter
!-----------------  
parsav,all  
finish  
/clear,start
/COM,ANSYS RELEASE Release 18.0      BUILD 18.0      UP20161219       12:59:25
/input,start,ans,'C:\Program Files\ANSYS Inc\v180\ANSYS\apdl\'  
parres  
!colW1 = w1 
!rowW1 = 1  
!colW2 = 2  
!rowW2 = 2  
*SET,colW1 , MOD(w1,4)  
*SET,rowW1 , (w1 - colW1)/4 
*SET,colW2 , MOD(w2,4)  
*SET,rowW2 , (w2 - colW2)/4 
!Case where window and door are at one line 
*IF, door,LE,3,AND, w1, GE, 12, THEN
*SET,colW1 , colW1 + 2  
*ENDIF  
*IF, door,LE,3,AND, w2, GE, 12, THEN
*SET,colW1 , colW2 + 2  
*ENDIF  
*SET,wind1X , margin + colW1*(2* windMargin + windW) + windMargin   
*SET,wind1Y , height - margin - (rowW1+1)*(2*windMargin + windW) + windMargin   
*SET,wind2X , margin + colW2*(2* windMargin + windW) + windMargin   
*SET,wind2Y , height - margin - (rowW2+1)*(2*windMargin + windW) + windMargin   
/prep7  
!-----------------  
! Saving initial Param  
!-----------------  
*SET,c(n,1) , door  
*SET,c(n,2) , wind1X
*SET,c(n,3) , wind1Y
*SET,c(n,4) , wind2X
*SET,c(n,5) , wind2Y
!-----------------  
!Create House   
!-----------------  
BLC4,xStart, yStart, width, height !House   
BLC4,door,yStart, doorX, doorY !Door
BLC4,wind1X,wind1Y,windW,windH !Window  
BLC4,wind2X,wind2Y,windW,windH !2nd Window  
!Selecting and deleting the area of Door and the two windows
FLST,3,3,5,ORDE,2   
FITEM,3,2   
FITEM,3,-4  
ASBA,       1,P51X  
!-----------------  
! Material  
!-----------------  
ET,1,PLANE182   
KEYOPT,1,1,0
KEYOPT,1,3,3
KEYOPT,1,6,0
r,1,0.2 
mp,ex,1,30000000
mp,prxy,1,0.2   
dl,17,,all  
dl,18,,all  
sfl,3,pres,250000000
!-----------------  
! Mesh  
!-----------------  
esize,meshsize  
amesh,all   
cpintf,all  
FINISH  
/SOL
solve   
FINISH  
/POST1  
!-----------------  
! Value at point 4,4
!-----------------  
!!!!!!!!!!!!!!!!!!!!!!!!!!!!!!!!!!  
! T O   D O !!!!!!!!!!!!!!!!!!!!!!  
!!!!!!!!!!!!!!!!!!!!!!!!!!!!!!!!!!  
!Checken ob wir wirklich die Lösung bekommen die wir wollen
! maximale Verschiebung bei 4,4 
allsel  
nsel,s,loc,x,4 !select  
nsel,r,loc,y,4 !reselect
*get,u,NODE,NDNEXT(0),u,y   
*SET,c(n,6) , u 
*enddo  
/COM,ANSYS RELEASE Release 18.0      BUILD 18.0      UP20161219       12:59:52
*enddo  
