/COM,ANSYS RELEASE Release 18.0      BUILD 18.0      UP20161219       15:49:07

 *** WARNING ***   SUPPRESSED MESSAGE    CP =       2.234   TIME= 15:50:28
 * no longer valid as comment character - please use !                   
  *SET,size, steps * (maxWStep+1)*maxWStep /2                            
  This warning only issued once.                                         

 *** WARNING ***   SUPPRESSED MESSAGE    CP =       4.234   TIME= 15:50:31
 Node 0 of *GET command is undefined.                                    
  Line= *GET, u, NODE, NDNEXT, u, y                                      
  The *GET command is ignored.                                           

 *** WARNING ***   SUPPRESSED MESSAGE    CP =       4.234   TIME= 15:50:31
 Unknown parameter name= U.  A value of 7.888609052E-31 will be used.    

 *** WARNING ***   SUPPRESSED MESSAGE    CP =       5.250   TIME= 15:50:33
 Node 0 of *GET command is undefined.                                    
  Line= *GET, u, NODE, NDNEXT, u, y                                      
  The *GET command is ignored.                                           

 *** WARNING ***   SUPPRESSED MESSAGE    CP =       5.250   TIME= 15:50:33
 Unknown parameter name= U.  A value of 7.888609052E-31 will be used.    

 *** WARNING ***   SUPPRESSED MESSAGE    CP =       6.000   TIME= 15:50:34
 Node 0 of *GET command is undefined.                                    
  Line= *GET, u, NODE, NDNEXT, u, y                                      
  The *GET command is ignored.                                           

 *** WARNING ***   SUPPRESSED MESSAGE    CP =       6.000   TIME= 15:50:34
 Unknown parameter name= U.  A value of 7.888609052E-31 will be used.    

 *** WARNING ***   SUPPRESSED MESSAGE    CP =       6.969   TIME= 15:50:36
 Node 0 of *GET command is undefined.                                    
  Line= *GET, u, NODE, NDNEXT, u, y                                      
  The *GET command is ignored.                                           

 *** WARNING ***   SUPPRESSED MESSAGE    CP =       6.969   TIME= 15:50:36
 Unknown parameter name= U.  A value of 7.888609052E-31 will be used.    

 *** WARNING ***   SUPPRESSED MESSAGE    CP =       8.266   TIME= 15:50:38
 Node 0 of *GET command is undefined.                                    
  Line= *GET, u, NODE, NDNEXT, u, y                                      
  The *GET command is ignored.                                           

 *** WARNING ***   SUPPRESSED MESSAGE    CP =       8.266   TIME= 15:50:38
 Unknown parameter name= U.  A value of 7.888609052E-31 will be used.    

 *** WARNING ***   SUPPRESSED MESSAGE    CP =       8.422   TIME= 15:50:39
 The mesh of area 5 contains PLANE182 triangles, which are much too      
 stiff in bending.  Use quadratic (6- or 8-node) elements if possible.   

 *** WARNING ***   SUPPRESSED MESSAGE    CP =       9.062   TIME= 15:50:40
 Node 0 of *GET command is undefined.                                    
  Line= *GET, u, NODE, NDNEXT, u, y                                      
  The *GET command is ignored.                                           

 *** WARNING ***   SUPPRESSED MESSAGE    CP =       9.062   TIME= 15:50:40
 Unknown parameter name= U.  A value of 7.888609052E-31 will be used.    

 *** WARNING ***   SUPPRESSED MESSAGE    CP =      10.078   TIME= 15:50:41
 Node 0 of *GET command is undefined.                                    
  Line= *GET, u, NODE, NDNEXT, u, y                                      
  The *GET command is ignored.                                           

 *** WARNING ***   SUPPRESSED MESSAGE    CP =      10.078   TIME= 15:50:41
 Unknown parameter name= U.  A value of 7.888609052E-31 will be used.    

 *** WARNING ***   SUPPRESSED MESSAGE    CP =      10.938   TIME= 15:50:43
 Node 0 of *GET command is undefined.                                    
  Line= *GET, u, NODE, NDNEXT, u, y                                      
  The *GET command is ignored.                                           

 *** WARNING ***   SUPPRESSED MESSAGE    CP =      10.938   TIME= 15:50:43
 Unknown parameter name= U.  A value of 7.888609052E-31 will be used.    

 *** WARNING ***   SUPPRESSED MESSAGE    CP =      11.703   TIME= 15:50:45
 Node 0 of *GET command is undefined.                                    
  Line= *GET, u, NODE, NDNEXT, u, y                                      
  The *GET command is ignored.                                           

 *** WARNING ***   SUPPRESSED MESSAGE    CP =      11.703   TIME= 15:50:45
 Unknown parameter name= U.  A value of 7.888609052E-31 will be used.    

 *** WARNING ***   SUPPRESSED MESSAGE    CP =      12.641   TIME= 15:50:47
 Node 0 of *GET command is undefined.                                    
  Line= *GET, u, NODE, NDNEXT, u, y                                      
  The *GET command is ignored.                                           

 *** WARNING ***   SUPPRESSED MESSAGE    CP =      12.641   TIME= 15:50:47
 Unknown parameter name= U.  A value of 7.888609052E-31 will be used.    

 *** WARNING ***   SUPPRESSED MESSAGE    CP =      13.562   TIME= 15:50:48
 Node 0 of *GET command is undefined.                                    
  Line= *GET, u, NODE, NDNEXT, u, y                                      
  The *GET command is ignored.                                           

 *** WARNING ***   SUPPRESSED MESSAGE    CP =      13.562   TIME= 15:50:48
 Unknown parameter name= U.  A value of 7.888609052E-31 will be used.    

 *** WARNING ***   SUPPRESSED MESSAGE    CP =      13.703   TIME= 15:50:49
 Shape testing revealed that 1 of the 243 new or modified elements       
 violate shape warning limits.  To review test results, please see the   
 output file or issue the CHECK command.                                 

 *** WARNING ***   SUPPRESSED MESSAGE    CP =      13.719   TIME= 15:50:49
 Previous testing revealed that 1 of the 243 selected elements violate   
 shape warning limits.  To review warning messages, please see the       
 output or error file, or issue the CHECK command.                       

 *** WARNING ***   SUPPRESSED MESSAGE    CP =      14.500   TIME= 15:50:50
 Node 0 of *GET command is undefined.                                    
  Line= *GET, u, NODE, NDNEXT, u, y                                      
  The *GET command is ignored.                                           

 *** WARNING ***   SUPPRESSED MESSAGE    CP =      14.500   TIME= 15:50:50
 Unknown parameter name= U.  A value of 7.888609052E-31 will be used.    

 *** WARNING ***   SUPPRESSED MESSAGE    CP =      15.375   TIME= 15:50:52
 Node 0 of *GET command is undefined.                                    
  Line= *GET, u, NODE, NDNEXT, u, y                                      
  The *GET command is ignored.                                           

 *** WARNING ***   SUPPRESSED MESSAGE    CP =      15.375   TIME= 15:50:52
 Unknown parameter name= U.  A value of 7.888609052E-31 will be used.    

 *** WARNING ***   SUPPRESSED MESSAGE    CP =      16.297   TIME= 15:50:54
 Node 0 of *GET command is undefined.                                    
  Line= *GET, u, NODE, NDNEXT, u, y                                      
  The *GET command is ignored.                                           

 *** WARNING ***   SUPPRESSED MESSAGE    CP =      16.297   TIME= 15:50:54
 Unknown parameter name= U.  A value of 7.888609052E-31 will be used.    

 *** WARNING ***   SUPPRESSED MESSAGE    CP =      17.188   TIME= 15:50:56
 Node 0 of *GET command is undefined.                                    
  Line= *GET, u, NODE, NDNEXT, u, y                                      
  The *GET command is ignored.                                           

 *** WARNING ***   SUPPRESSED MESSAGE    CP =      17.188   TIME= 15:50:56
 Unknown parameter name= U.  A value of 7.888609052E-31 will be used.    

 *** WARNING ***   SUPPRESSED MESSAGE    CP =      18.219   TIME= 15:50:57
 Node 0 of *GET command is undefined.                                    
  Line= *GET, u, NODE, NDNEXT, u, y                                      
  The *GET command is ignored.                                           

 *** WARNING ***   SUPPRESSED MESSAGE    CP =      18.219   TIME= 15:50:57
 Unknown parameter name= U.  A value of 7.888609052E-31 will be used.    

 *** WARNING ***   SUPPRESSED MESSAGE    CP =      19.141   TIME= 15:50:59
 Node 0 of *GET command is undefined.                                    
  Line= *GET, u, NODE, NDNEXT, u, y                                      
  The *GET command is ignored.                                           

 *** WARNING ***   SUPPRESSED MESSAGE    CP =      19.141   TIME= 15:50:59
 Unknown parameter name= U.  A value of 7.888609052E-31 will be used.    

 *** WARNING ***   SUPPRESSED MESSAGE    CP =      20.234   TIME= 15:51:01
 Node 0 of *GET command is undefined.                                    
  Line= *GET, u, NODE, NDNEXT, u, y                                      
  The *GET command is ignored.                                           

 *** WARNING ***   SUPPRESSED MESSAGE    CP =      20.234   TIME= 15:51:01
 Unknown parameter name= U.  A value of 7.888609052E-31 will be used.    

 *** WARNING ***   SUPPRESSED MESSAGE    CP =      21.141   TIME= 15:51:03
 Node 0 of *GET command is undefined.                                    
  Line= *GET, u, NODE, NDNEXT, u, y                                      
  The *GET command is ignored.                                           

 *** WARNING ***   SUPPRESSED MESSAGE    CP =      21.141   TIME= 15:51:03
 Unknown parameter name= U.  A value of 7.888609052E-31 will be used.    

 *** WARNING ***   SUPPRESSED MESSAGE    CP =      21.984   TIME= 15:51:04
 Node 0 of *GET command is undefined.                                    
  Line= *GET, u, NODE, NDNEXT, u, y                                      
  The *GET command is ignored.                                           

 *** WARNING ***   SUPPRESSED MESSAGE    CP =      21.984   TIME= 15:51:04
 Unknown parameter name= U.  A value of 7.888609052E-31 will be used.    

 *** WARNING ***   SUPPRESSED MESSAGE    CP =      22.984   TIME= 15:51:06
 Node 0 of *GET command is undefined.                                    
  Line= *GET, u, NODE, NDNEXT, u, y                                      
  The *GET command is ignored.                                           

 *** WARNING ***   SUPPRESSED MESSAGE    CP =      22.984   TIME= 15:51:06
 Unknown parameter name= U.  A value of 7.888609052E-31 will be used.    

 *** WARNING ***   SUPPRESSED MESSAGE    CP =      24.375   TIME= 15:51:08
 Node 0 of *GET command is undefined.                                    
  Line= *GET, u, NODE, NDNEXT, u, y                                      
  The *GET command is ignored.                                           

 *** WARNING ***   SUPPRESSED MESSAGE    CP =      24.375   TIME= 15:51:08
 Unknown parameter name= U.  A value of 7.888609052E-31 will be used.    

 *** WARNING ***   SUPPRESSED MESSAGE    CP =      24.500   TIME= 15:51:08
 The mesh of area 5 contains PLANE182 triangles, which are much too      
 stiff in bending.  Use quadratic (6- or 8-node) elements if possible.   

 *** WARNING ***   SUPPRESSED MESSAGE    CP =      25.375   TIME= 15:51:09
 Node 0 of *GET command is undefined.                                    
  Line= *GET, u, NODE, NDNEXT, u, y                                      
  The *GET command is ignored.                                           

 *** WARNING ***   SUPPRESSED MESSAGE    CP =      25.375   TIME= 15:51:09
 Unknown parameter name= U.  A value of 7.888609052E-31 will be used.    

 *** WARNING ***   SUPPRESSED MESSAGE    CP =      25.562   TIME= 15:51:10
 Shape testing revealed that 1 of the 243 new or modified elements       
 violate shape warning limits.  To review test results, please see the   
 output file or issue the CHECK command.                                 

 *** WARNING ***   SUPPRESSED MESSAGE    CP =      25.562   TIME= 15:51:10
 Previous testing revealed that 1 of the 243 selected elements violate   
 shape warning limits.  To review warning messages, please see the       
 output or error file, or issue the CHECK command.                       

 *** WARNING ***   SUPPRESSED MESSAGE    CP =      26.312   TIME= 15:51:11
 Node 0 of *GET command is undefined.                                    
  Line= *GET, u, NODE, NDNEXT, u, y                                      
  The *GET command is ignored.                                           

 *** WARNING ***   SUPPRESSED MESSAGE    CP =      26.312   TIME= 15:51:11
 Unknown parameter name= U.  A value of 7.888609052E-31 will be used.    

 *** WARNING ***   SUPPRESSED MESSAGE    CP =      27.094   TIME= 15:51:13
 Node 0 of *GET command is undefined.                                    
  Line= *GET, u, NODE, NDNEXT, u, y                                      
  The *GET command is ignored.                                           

 *** WARNING ***   SUPPRESSED MESSAGE    CP =      27.094   TIME= 15:51:13
 Unknown parameter name= U.  A value of 7.888609052E-31 will be used.    

 *** WARNING ***   SUPPRESSED MESSAGE    CP =      27.953   TIME= 15:51:14
 Node 0 of *GET command is undefined.                                    
  Line= *GET, u, NODE, NDNEXT, u, y                                      
  The *GET command is ignored.                                           

 *** WARNING ***   SUPPRESSED MESSAGE    CP =      27.953   TIME= 15:51:14
 Unknown parameter name= U.  A value of 7.888609052E-31 will be used.    

 *** WARNING ***   SUPPRESSED MESSAGE    CP =      28.906   TIME= 15:51:16
 Node 0 of *GET command is undefined.                                    
  Line= *GET, u, NODE, NDNEXT, u, y                                      
  The *GET command is ignored.                                           

 *** WARNING ***   SUPPRESSED MESSAGE    CP =      28.906   TIME= 15:51:16
 Unknown parameter name= U.  A value of 7.888609052E-31 will be used.    

 *** WARNING ***   SUPPRESSED MESSAGE    CP =      29.859   TIME= 15:51:18
 Node 0 of *GET command is undefined.                                    
  Line= *GET, u, NODE, NDNEXT, u, y                                      
  The *GET command is ignored.                                           

 *** WARNING ***   SUPPRESSED MESSAGE    CP =      29.859   TIME= 15:51:18
 Unknown parameter name= U.  A value of 7.888609052E-31 will be used.    

 *** WARNING ***   SUPPRESSED MESSAGE    CP =      30.781   TIME= 15:51:19
 Node 0 of *GET command is undefined.                                    
  Line= *GET, u, NODE, NDNEXT, u, y                                      
  The *GET command is ignored.                                           

 *** WARNING ***   SUPPRESSED MESSAGE    CP =      30.781   TIME= 15:51:19
 Unknown parameter name= U.  A value of 7.888609052E-31 will be used.    

 *** WARNING ***   SUPPRESSED MESSAGE    CP =      31.641   TIME= 15:51:21
 Node 0 of *GET command is undefined.                                    
  Line= *GET, u, NODE, NDNEXT, u, y                                      
  The *GET command is ignored.                                           

 *** WARNING ***   SUPPRESSED MESSAGE    CP =      31.641   TIME= 15:51:21
 Unknown parameter name= U.  A value of 7.888609052E-31 will be used.    

 *** WARNING ***   SUPPRESSED MESSAGE    CP =      32.578   TIME= 15:51:23
 Node 0 of *GET command is undefined.                                    
  Line= *GET, u, NODE, NDNEXT, u, y                                      
  The *GET command is ignored.                                           

 *** WARNING ***   SUPPRESSED MESSAGE    CP =      32.578   TIME= 15:51:23
 Unknown parameter name= U.  A value of 7.888609052E-31 will be used.    

 *** WARNING ***   SUPPRESSED MESSAGE    CP =      33.547   TIME= 15:51:25
 Node 0 of *GET command is undefined.                                    
  Line= *GET, u, NODE, NDNEXT, u, y                                      
  The *GET command is ignored.                                           

 *** WARNING ***   SUPPRESSED MESSAGE    CP =      33.547   TIME= 15:51:25
 Unknown parameter name= U.  A value of 7.888609052E-31 will be used.    

 *** WARNING ***   SUPPRESSED MESSAGE    CP =      34.688   TIME= 15:51:27
 Node 0 of *GET command is undefined.                                    
  Line= *GET, u, NODE, NDNEXT, u, y                                      
  The *GET command is ignored.                                           

 *** WARNING ***   SUPPRESSED MESSAGE    CP =      34.688   TIME= 15:51:27
 Unknown parameter name= U.  A value of 7.888609052E-31 will be used.    

 *** WARNING ***   SUPPRESSED MESSAGE    CP =      35.672   TIME= 15:51:29
 Node 0 of *GET command is undefined.                                    
  Line= *GET, u, NODE, NDNEXT, u, y                                      
  The *GET command is ignored.                                           

 *** WARNING ***   SUPPRESSED MESSAGE    CP =      35.672   TIME= 15:51:29
 Unknown parameter name= U.  A value of 7.888609052E-31 will be used.    

 *** WARNING ***   SUPPRESSED MESSAGE    CP =      35.828   TIME= 15:51:29
 Shape testing revealed that 1 of the 243 new or modified elements       
 violate shape warning limits.  To review test results, please see the   
 output file or issue the CHECK command.                                 

 *** WARNING ***   SUPPRESSED MESSAGE    CP =      35.859   TIME= 15:51:30
 Previous testing revealed that 1 of the 243 selected elements violate   
 shape warning limits.  To review warning messages, please see the       
 output or error file, or issue the CHECK command.                       

 *** WARNING ***   SUPPRESSED MESSAGE    CP =      36.609   TIME= 15:51:31
 Node 0 of *GET command is undefined.                                    
  Line= *GET, u, NODE, NDNEXT, u, y                                      
  The *GET command is ignored.                                           

 *** WARNING ***   SUPPRESSED MESSAGE    CP =      36.609   TIME= 15:51:31
 Unknown parameter name= U.  A value of 7.888609052E-31 will be used.    

 *** WARNING ***   SUPPRESSED MESSAGE    CP =      37.469   TIME= 15:51:33
 Node 0 of *GET command is undefined.                                    
  Line= *GET, u, NODE, NDNEXT, u, y                                      
  The *GET command is ignored.                                           

 *** WARNING ***   SUPPRESSED MESSAGE    CP =      37.469   TIME= 15:51:33
 Unknown parameter name= U.  A value of 7.888609052E-31 will be used.    

 *** WARNING ***   SUPPRESSED MESSAGE    CP =      38.344   TIME= 15:51:35
 Node 0 of *GET command is undefined.                                    
  Line= *GET, u, NODE, NDNEXT, u, y                                      
  The *GET command is ignored.                                           

 *** WARNING ***   SUPPRESSED MESSAGE    CP =      38.344   TIME= 15:51:35
 Unknown parameter name= U.  A value of 7.888609052E-31 will be used.    

 *** WARNING ***   SUPPRESSED MESSAGE    CP =      39.328   TIME= 15:51:37
 Node 0 of *GET command is undefined.                                    
  Line= *GET, u, NODE, NDNEXT, u, y                                      
  The *GET command is ignored.                                           

 *** WARNING ***   SUPPRESSED MESSAGE    CP =      39.328   TIME= 15:51:37
 Unknown parameter name= U.  A value of 7.888609052E-31 will be used.    

 *** WARNING ***   SUPPRESSED MESSAGE    CP =      39.516   TIME= 15:51:37
 Shape testing revealed that 1 of the 249 new or modified elements       
 violate shape warning limits.  To review test results, please see the   
 output file or issue the CHECK command.                                 

 *** WARNING ***   SUPPRESSED MESSAGE    CP =      39.547   TIME= 15:51:37
 Previous testing revealed that 1 of the 249 selected elements violate   
 shape warning limits.  To review warning messages, please see the       
 output or error file, or issue the CHECK command.                       

 *** WARNING ***   SUPPRESSED MESSAGE    CP =      40.359   TIME= 15:51:38
 Node 0 of *GET command is undefined.                                    
  Line= *GET, u, NODE, NDNEXT, u, y                                      
  The *GET command is ignored.                                           

 *** WARNING ***   SUPPRESSED MESSAGE    CP =      40.359   TIME= 15:51:38
 Unknown parameter name= U.  A value of 7.888609052E-31 will be used.    

 *** WARNING ***   SUPPRESSED MESSAGE    CP =      41.438   TIME= 15:51:40
 Node 0 of *GET command is undefined.                                    
  Line= *GET, u, NODE, NDNEXT, u, y                                      
  The *GET command is ignored.                                           

 *** WARNING ***   SUPPRESSED MESSAGE    CP =      41.438   TIME= 15:51:40
 Unknown parameter name= U.  A value of 7.888609052E-31 will be used.    

 *** WARNING ***   SUPPRESSED MESSAGE    CP =      42.344   TIME= 15:51:41
 Node 0 of *GET command is undefined.                                    
  Line= *GET, u, NODE, NDNEXT, u, y                                      
  The *GET command is ignored.                                           

 *** WARNING ***   SUPPRESSED MESSAGE    CP =      42.344   TIME= 15:51:41
 Unknown parameter name= U.  A value of 7.888609052E-31 will be used.    
