/COM,ANSYS RELEASE Release 18.0      BUILD 18.0      UP20161219       18:31:06

 *** WARNING ***   SUPPRESSED MESSAGE    CP =      12.672   TIME= 18:38:39
 The mesh of area 5 contains PLANE182 triangles, which are much too      
 stiff in bending.  Use quadratic (6- or 8-node) elements if possible.   

 *** WARNING ***   SUPPRESSED MESSAGE    CP =      17.672   TIME= 18:38:44
 The mesh of area 5 contains PLANE182 triangles, which are much too      
 stiff in bending.  Use quadratic (6- or 8-node) elements if possible.   

 *** WARNING ***   SUPPRESSED MESSAGE    CP =      22.312   TIME= 18:38:49
 The mesh of area 5 contains PLANE182 triangles, which are much too      
 stiff in bending.  Use quadratic (6- or 8-node) elements if possible.   

 *** WARNING ***   SUPPRESSED MESSAGE    CP =      26.734   TIME= 18:38:53
 The mesh of area 5 contains PLANE182 triangles, which are much too      
 stiff in bending.  Use quadratic (6- or 8-node) elements if possible.   

 *** WARNING ***   SUPPRESSED MESSAGE    CP =      31.406   TIME= 18:38:58
 The mesh of area 5 contains PLANE182 triangles, which are much too      
 stiff in bending.  Use quadratic (6- or 8-node) elements if possible.   

 *** WARNING ***   SUPPRESSED MESSAGE    CP =      32.016   TIME= 18:38:58
 Shape testing revealed that 1 of the 5191 new or modified elements      
 violate shape warning limits.  To review test results, please see the   
 output file or issue the CHECK command.                                 

 *** WARNING ***   SUPPRESSED MESSAGE    CP =      32.312   TIME= 18:38:58
 Previous testing revealed that 1 of the 5191 selected elements violate  
 shape warning limits.  To review warning messages, please see the       
 output or error file, or issue the CHECK command.                       

 *** WARNING ***   SUPPRESSED MESSAGE    CP =      35.969   TIME= 18:39:02
 The mesh of area 5 contains PLANE182 triangles, which are much too      
 stiff in bending.  Use quadratic (6- or 8-node) elements if possible.   

 *** WARNING ***   SUPPRESSED MESSAGE    CP =      40.859   TIME= 18:39:07
 The mesh of area 5 contains PLANE182 triangles, which are much too      
 stiff in bending.  Use quadratic (6- or 8-node) elements if possible.   

 *** WARNING ***   SUPPRESSED MESSAGE    CP =      45.031   TIME= 18:39:11
 The mesh of area 5 contains PLANE182 triangles, which are much too      
 stiff in bending.  Use quadratic (6- or 8-node) elements if possible.   

 *** WARNING ***   SUPPRESSED MESSAGE    CP =      49.609   TIME= 18:39:16
 The mesh of area 5 contains PLANE182 triangles, which are much too      
 stiff in bending.  Use quadratic (6- or 8-node) elements if possible.   

 *** WARNING ***   SUPPRESSED MESSAGE    CP =      54.062   TIME= 18:39:20
 The mesh of area 5 contains PLANE182 triangles, which are much too      
 stiff in bending.  Use quadratic (6- or 8-node) elements if possible.   

 *** WARNING ***   SUPPRESSED MESSAGE    CP =      58.906   TIME= 18:39:25
 The mesh of area 5 contains PLANE182 triangles, which are much too      
 stiff in bending.  Use quadratic (6- or 8-node) elements if possible.   

 *** WARNING ***   SUPPRESSED MESSAGE    CP =      64.844   TIME= 18:39:30
 The mesh of area 5 contains PLANE182 triangles, which are much too      
 stiff in bending.  Use quadratic (6- or 8-node) elements if possible.   

 *** WARNING ***   SUPPRESSED MESSAGE    CP =      65.500   TIME= 18:39:31
 Shape testing revealed that 2 of the 5626 new or modified elements      
 violate shape warning limits.  To review test results, please see the   
 output file or issue the CHECK command.                                 

 *** WARNING ***   SUPPRESSED MESSAGE    CP =      65.797   TIME= 18:39:31
 Previous testing revealed that 2 of the 5626 selected elements violate  
 shape warning limits.  To review warning messages, please see the       
 output or error file, or issue the CHECK command.                       

 *** WARNING ***   SUPPRESSED MESSAGE    CP =      69.453   TIME= 18:39:35
 The mesh of area 5 contains PLANE182 triangles, which are much too      
 stiff in bending.  Use quadratic (6- or 8-node) elements if possible.   

 *** WARNING ***   SUPPRESSED MESSAGE    CP =      70.078   TIME= 18:39:35
 Shape testing revealed that 1 of the 5091 new or modified elements      
 violate shape warning limits.  To review test results, please see the   
 output file or issue the CHECK command.                                 

 *** WARNING ***   SUPPRESSED MESSAGE    CP =      70.359   TIME= 18:39:35
 Previous testing revealed that 1 of the 5091 selected elements violate  
 shape warning limits.  To review warning messages, please see the       
 output or error file, or issue the CHECK command.                       

 *** WARNING ***   SUPPRESSED MESSAGE    CP =      74.188   TIME= 18:39:40
 The mesh of area 5 contains PLANE182 triangles, which are much too      
 stiff in bending.  Use quadratic (6- or 8-node) elements if possible.   

 *** WARNING ***   SUPPRESSED MESSAGE    CP =      74.828   TIME= 18:39:40
 Shape testing revealed that 1 of the 5382 new or modified elements      
 violate shape warning limits.  To review test results, please see the   
 output file or issue the CHECK command.                                 

 *** WARNING ***   SUPPRESSED MESSAGE    CP =      75.094   TIME= 18:39:40
 Previous testing revealed that 1 of the 5382 selected elements violate  
 shape warning limits.  To review warning messages, please see the       
 output or error file, or issue the CHECK command.                       

 *** WARNING ***   SUPPRESSED MESSAGE    CP =      78.562   TIME= 18:39:44
 The mesh of area 5 contains PLANE182 triangles, which are much too      
 stiff in bending.  Use quadratic (6- or 8-node) elements if possible.   

 *** WARNING ***   SUPPRESSED MESSAGE    CP =      83.094   TIME= 18:39:48
 The mesh of area 5 contains PLANE182 triangles, which are much too      
 stiff in bending.  Use quadratic (6- or 8-node) elements if possible.   

 *** WARNING ***   SUPPRESSED MESSAGE    CP =      87.500   TIME= 18:39:53
 The mesh of area 5 contains PLANE182 triangles, which are much too      
 stiff in bending.  Use quadratic (6- or 8-node) elements if possible.   

 *** WARNING ***   SUPPRESSED MESSAGE    CP =      92.047   TIME= 18:39:57
 The mesh of area 5 contains PLANE182 triangles, which are much too      
 stiff in bending.  Use quadratic (6- or 8-node) elements if possible.   

 *** WARNING ***   SUPPRESSED MESSAGE    CP =      96.406   TIME= 18:40:01
 The mesh of area 5 contains PLANE182 triangles, which are much too      
 stiff in bending.  Use quadratic (6- or 8-node) elements if possible.   

 *** WARNING ***   SUPPRESSED MESSAGE    CP =      96.969   TIME= 18:40:02
 Shape testing revealed that 1 of the 5100 new or modified elements      
 violate shape warning limits.  To review test results, please see the   
 output file or issue the CHECK command.                                 

 *** WARNING ***   SUPPRESSED MESSAGE    CP =      97.250   TIME= 18:40:02
 Previous testing revealed that 1 of the 5100 selected elements violate  
 shape warning limits.  To review warning messages, please see the       
 output or error file, or issue the CHECK command.                       

 *** WARNING ***   SUPPRESSED MESSAGE    CP =     100.750   TIME= 18:40:06
 The mesh of area 5 contains PLANE182 triangles, which are much too      
 stiff in bending.  Use quadratic (6- or 8-node) elements if possible.   

 *** WARNING ***   SUPPRESSED MESSAGE    CP =     105.516   TIME= 18:40:11
 The mesh of area 5 contains PLANE182 triangles, which are much too      
 stiff in bending.  Use quadratic (6- or 8-node) elements if possible.   

 *** WARNING ***   SUPPRESSED MESSAGE    CP =     110.312   TIME= 18:40:15
 The mesh of area 5 contains PLANE182 triangles, which are much too      
 stiff in bending.  Use quadratic (6- or 8-node) elements if possible.   

 *** WARNING ***   SUPPRESSED MESSAGE    CP =     110.875   TIME= 18:40:16
 Shape testing revealed that 1 of the 5141 new or modified elements      
 violate shape warning limits.  To review test results, please see the   
 output file or issue the CHECK command.                                 

 *** WARNING ***   SUPPRESSED MESSAGE    CP =     111.125   TIME= 18:40:16
 Previous testing revealed that 1 of the 5141 selected elements violate  
 shape warning limits.  To review warning messages, please see the       
 output or error file, or issue the CHECK command.                       

 *** WARNING ***   SUPPRESSED MESSAGE    CP =     115.062   TIME= 18:40:20
 The mesh of area 5 contains PLANE182 triangles, which are much too      
 stiff in bending.  Use quadratic (6- or 8-node) elements if possible.   

 *** WARNING ***   SUPPRESSED MESSAGE    CP =     115.641   TIME= 18:40:20
 Shape testing revealed that 2 of the 5156 new or modified elements      
 violate shape warning limits.  To review test results, please see the   
 output file or issue the CHECK command.                                 

 *** WARNING ***   SUPPRESSED MESSAGE    CP =     115.906   TIME= 18:40:20
 Previous testing revealed that 2 of the 5156 selected elements violate  
 shape warning limits.  To review warning messages, please see the       
 output or error file, or issue the CHECK command.                       

 *** WARNING ***   SUPPRESSED MESSAGE    CP =     119.609   TIME= 18:40:24
 The mesh of area 5 contains PLANE182 triangles, which are much too      
 stiff in bending.  Use quadratic (6- or 8-node) elements if possible.   

 *** WARNING ***   SUPPRESSED MESSAGE    CP =     124.094   TIME= 18:40:29
 The mesh of area 5 contains PLANE182 triangles, which are much too      
 stiff in bending.  Use quadratic (6- or 8-node) elements if possible.   

 *** WARNING ***   SUPPRESSED MESSAGE    CP =     128.609   TIME= 18:40:33
 The mesh of area 5 contains PLANE182 triangles, which are much too      
 stiff in bending.  Use quadratic (6- or 8-node) elements if possible.   

 *** WARNING ***   SUPPRESSED MESSAGE    CP =     129.188   TIME= 18:40:34
 Shape testing revealed that 1 of the 5332 new or modified elements      
 violate shape warning limits.  To review test results, please see the   
 output file or issue the CHECK command.                                 

 *** WARNING ***   SUPPRESSED MESSAGE    CP =     129.484   TIME= 18:40:34
 Previous testing revealed that 1 of the 5332 selected elements violate  
 shape warning limits.  To review warning messages, please see the       
 output or error file, or issue the CHECK command.                       

 *** WARNING ***   SUPPRESSED MESSAGE    CP =     133.344   TIME= 18:40:38
 The mesh of area 5 contains PLANE182 triangles, which are much too      
 stiff in bending.  Use quadratic (6- or 8-node) elements if possible.   

 *** WARNING ***   SUPPRESSED MESSAGE    CP =     138.594   TIME= 18:40:44
 The mesh of area 5 contains PLANE182 triangles, which are much too      
 stiff in bending.  Use quadratic (6- or 8-node) elements if possible.   

 *** WARNING ***   SUPPRESSED MESSAGE    CP =     143.000   TIME= 18:40:48
 The mesh of area 5 contains PLANE182 triangles, which are much too      
 stiff in bending.  Use quadratic (6- or 8-node) elements if possible.   

 *** WARNING ***   SUPPRESSED MESSAGE    CP =     147.719   TIME= 18:40:53
 The mesh of area 5 contains PLANE182 triangles, which are much too      
 stiff in bending.  Use quadratic (6- or 8-node) elements if possible.   

 *** WARNING ***   SUPPRESSED MESSAGE    CP =     152.172   TIME= 18:40:57
 The mesh of area 5 contains PLANE182 triangles, which are much too      
 stiff in bending.  Use quadratic (6- or 8-node) elements if possible.   

 *** WARNING ***   SUPPRESSED MESSAGE    CP =     156.641   TIME= 18:41:02
 The mesh of area 5 contains PLANE182 triangles, which are much too      
 stiff in bending.  Use quadratic (6- or 8-node) elements if possible.   

 *** WARNING ***   SUPPRESSED MESSAGE    CP =     161.297   TIME= 18:41:06
 The mesh of area 5 contains PLANE182 triangles, which are much too      
 stiff in bending.  Use quadratic (6- or 8-node) elements if possible.   

 *** WARNING ***   SUPPRESSED MESSAGE    CP =     165.891   TIME= 18:41:11
 The mesh of area 5 contains PLANE182 triangles, which are much too      
 stiff in bending.  Use quadratic (6- or 8-node) elements if possible.   

 *** WARNING ***   SUPPRESSED MESSAGE    CP =     170.500   TIME= 18:41:15
 The mesh of area 5 contains PLANE182 triangles, which are much too      
 stiff in bending.  Use quadratic (6- or 8-node) elements if possible.   

 *** WARNING ***   SUPPRESSED MESSAGE    CP =     175.203   TIME= 18:41:20
 The mesh of area 5 contains PLANE182 triangles, which are much too      
 stiff in bending.  Use quadratic (6- or 8-node) elements if possible.   

 *** WARNING ***   SUPPRESSED MESSAGE    CP =     180.031   TIME= 18:41:25
 The mesh of area 5 contains PLANE182 triangles, which are much too      
 stiff in bending.  Use quadratic (6- or 8-node) elements if possible.   

 *** WARNING ***   SUPPRESSED MESSAGE    CP =     184.828   TIME= 18:41:29
 The mesh of area 5 contains PLANE182 triangles, which are much too      
 stiff in bending.  Use quadratic (6- or 8-node) elements if possible.   

 *** WARNING ***   SUPPRESSED MESSAGE    CP =     189.750   TIME= 18:41:34
 The mesh of area 5 contains PLANE182 triangles, which are much too      
 stiff in bending.  Use quadratic (6- or 8-node) elements if possible.   

 *** WARNING ***   SUPPRESSED MESSAGE    CP =     194.422   TIME= 18:41:39
 The mesh of area 5 contains PLANE182 triangles, which are much too      
 stiff in bending.  Use quadratic (6- or 8-node) elements if possible.   

 *** WARNING ***   SUPPRESSED MESSAGE    CP =     198.969   TIME= 18:41:43
 The mesh of area 5 contains PLANE182 triangles, which are much too      
 stiff in bending.  Use quadratic (6- or 8-node) elements if possible.   

 *** WARNING ***   SUPPRESSED MESSAGE    CP =     203.703   TIME= 18:41:48
 The mesh of area 5 contains PLANE182 triangles, which are much too      
 stiff in bending.  Use quadratic (6- or 8-node) elements if possible.   

 *** WARNING ***   SUPPRESSED MESSAGE    CP =     208.594   TIME= 18:41:53
 The mesh of area 5 contains PLANE182 triangles, which are much too      
 stiff in bending.  Use quadratic (6- or 8-node) elements if possible.   

 *** WARNING ***   SUPPRESSED MESSAGE    CP =     209.219   TIME= 18:41:53
 Shape testing revealed that 1 of the 5128 new or modified elements      
 violate shape warning limits.  To review test results, please see the   
 output file or issue the CHECK command.                                 

 *** WARNING ***   SUPPRESSED MESSAGE    CP =     209.484   TIME= 18:41:53
 Previous testing revealed that 1 of the 5128 selected elements violate  
 shape warning limits.  To review warning messages, please see the       
 output or error file, or issue the CHECK command.                       

 *** WARNING ***   SUPPRESSED MESSAGE    CP =     213.312   TIME= 18:41:57
 The mesh of area 5 contains PLANE182 triangles, which are much too      
 stiff in bending.  Use quadratic (6- or 8-node) elements if possible.   

 *** WARNING ***   SUPPRESSED MESSAGE    CP =     217.781   TIME= 18:42:01
 The mesh of area 5 contains PLANE182 triangles, which are much too      
 stiff in bending.  Use quadratic (6- or 8-node) elements if possible.   

 *** WARNING ***   SUPPRESSED MESSAGE    CP =     222.219   TIME= 18:42:06
 The mesh of area 5 contains PLANE182 triangles, which are much too      
 stiff in bending.  Use quadratic (6- or 8-node) elements if possible.   

 *** WARNING ***   SUPPRESSED MESSAGE    CP =     222.766   TIME= 18:42:06
 Shape testing revealed that 2 of the 5233 new or modified elements      
 violate shape warning limits.  To review test results, please see the   
 output file or issue the CHECK command.                                 

 *** WARNING ***   SUPPRESSED MESSAGE    CP =     223.062   TIME= 18:42:07
 Previous testing revealed that 2 of the 5233 selected elements violate  
 shape warning limits.  To review warning messages, please see the       
 output or error file, or issue the CHECK command.                       

 *** WARNING ***   SUPPRESSED MESSAGE    CP =     226.719   TIME= 18:42:10
 The mesh of area 5 contains PLANE182 triangles, which are much too      
 stiff in bending.  Use quadratic (6- or 8-node) elements if possible.   

 *** WARNING ***   SUPPRESSED MESSAGE    CP =     231.438   TIME= 18:42:15
 The mesh of area 5 contains PLANE182 triangles, which are much too      
 stiff in bending.  Use quadratic (6- or 8-node) elements if possible.   

 *** WARNING ***   SUPPRESSED MESSAGE    CP =     241.078   TIME= 18:47:11
 The mesh of area 5 contains PLANE182 triangles, which are much too      
 stiff in bending.  Use quadratic (6- or 8-node) elements if possible.   

 *** WARNING ***   SUPPRESSED MESSAGE    CP =     241.625   TIME= 18:47:11
 Shape testing revealed that 1 of the 5182 new or modified elements      
 violate shape warning limits.  To review test results, please see the   
 output file or issue the CHECK command.                                 

 *** WARNING ***   SUPPRESSED MESSAGE    CP =     241.688   TIME= 18:47:11
 Previous testing revealed that 1 of the 5182 selected elements violate  
 shape warning limits.  To review warning messages, please see the       
 output or error file, or issue the CHECK command.                       

 *** WARNING ***   SUPPRESSED MESSAGE    CP =     245.094   TIME= 18:47:15
 The mesh of area 5 contains PLANE182 triangles, which are much too      
 stiff in bending.  Use quadratic (6- or 8-node) elements if possible.   

 *** WARNING ***   SUPPRESSED MESSAGE    CP =     249.453   TIME= 18:47:19
 The mesh of area 5 contains PLANE182 triangles, which are much too      
 stiff in bending.  Use quadratic (6- or 8-node) elements if possible.   

 *** WARNING ***   SUPPRESSED MESSAGE    CP =     254.000   TIME= 18:47:24
 The mesh of area 5 contains PLANE182 triangles, which are much too      
 stiff in bending.  Use quadratic (6- or 8-node) elements if possible.   

 *** WARNING ***   SUPPRESSED MESSAGE    CP =     258.031   TIME= 18:47:27
 The mesh of area 5 contains PLANE182 triangles, which are much too      
 stiff in bending.  Use quadratic (6- or 8-node) elements if possible.   

 *** WARNING ***   SUPPRESSED MESSAGE    CP =     263.062   TIME= 18:47:33
 The mesh of area 5 contains PLANE182 triangles, which are much too      
 stiff in bending.  Use quadratic (6- or 8-node) elements if possible.   

 *** WARNING ***   SUPPRESSED MESSAGE    CP =     267.828   TIME= 18:47:39
 The mesh of area 5 contains PLANE182 triangles, which are much too      
 stiff in bending.  Use quadratic (6- or 8-node) elements if possible.   

 *** WARNING ***   SUPPRESSED MESSAGE    CP =     268.359   TIME= 18:47:39
 Shape testing revealed that 1 of the 5322 new or modified elements      
 violate shape warning limits.  To review test results, please see the   
 output file or issue the CHECK command.                                 

 *** WARNING ***   SUPPRESSED MESSAGE    CP =     268.438   TIME= 18:47:39
 Previous testing revealed that 1 of the 5322 selected elements violate  
 shape warning limits.  To review warning messages, please see the       
 output or error file, or issue the CHECK command.                       

 *** WARNING ***   SUPPRESSED MESSAGE    CP =     272.344   TIME= 18:47:43
 The mesh of area 5 contains PLANE182 triangles, which are much too      
 stiff in bending.  Use quadratic (6- or 8-node) elements if possible.   

 *** WARNING ***   SUPPRESSED MESSAGE    CP =     276.609   TIME= 18:47:47
 The mesh of area 5 contains PLANE182 triangles, which are much too      
 stiff in bending.  Use quadratic (6- or 8-node) elements if possible.   

 *** WARNING ***   SUPPRESSED MESSAGE    CP =     281.484   TIME= 18:47:53
 The mesh of area 5 contains PLANE182 triangles, which are much too      
 stiff in bending.  Use quadratic (6- or 8-node) elements if possible.   

 *** WARNING ***   SUPPRESSED MESSAGE    CP =     282.078   TIME= 18:47:53
 Shape testing revealed that 1 of the 4986 new or modified elements      
 violate shape warning limits.  To review test results, please see the   
 output file or issue the CHECK command.                                 

 *** WARNING ***   SUPPRESSED MESSAGE    CP =     282.156   TIME= 18:47:53
 Previous testing revealed that 1 of the 4986 selected elements violate  
 shape warning limits.  To review warning messages, please see the       
 output or error file, or issue the CHECK command.                       

 *** WARNING ***   SUPPRESSED MESSAGE    CP =     285.641   TIME= 18:47:56
 The mesh of area 5 contains PLANE182 triangles, which are much too      
 stiff in bending.  Use quadratic (6- or 8-node) elements if possible.   

 *** WARNING ***   SUPPRESSED MESSAGE    CP =     289.781   TIME= 18:48:00
 The mesh of area 5 contains PLANE182 triangles, which are much too      
 stiff in bending.  Use quadratic (6- or 8-node) elements if possible.   

 *** WARNING ***   SUPPRESSED MESSAGE    CP =     295.062   TIME= 18:48:06
 The mesh of area 5 contains PLANE182 triangles, which are much too      
 stiff in bending.  Use quadratic (6- or 8-node) elements if possible.   

 *** WARNING ***   SUPPRESSED MESSAGE    CP =     295.672   TIME= 18:48:07
 Shape testing revealed that 1 of the 5120 new or modified elements      
 violate shape warning limits.  To review test results, please see the   
 output file or issue the CHECK command.                                 

 *** WARNING ***   SUPPRESSED MESSAGE    CP =     295.797   TIME= 18:48:07
 Previous testing revealed that 1 of the 5120 selected elements violate  
 shape warning limits.  To review warning messages, please see the       
 output or error file, or issue the CHECK command.                       

 *** WARNING ***   SUPPRESSED MESSAGE    CP =     306.516   TIME= 18:51:56
 The mesh of area 5 contains PLANE182 triangles, which are much too      
 stiff in bending.  Use quadratic (6- or 8-node) elements if possible.   

 *** WARNING ***   SUPPRESSED MESSAGE    CP =     307.125   TIME= 18:51:57
 Shape testing revealed that 1 of the 5063 new or modified elements      
 violate shape warning limits.  To review test results, please see the   
 output file or issue the CHECK command.                                 

 *** WARNING ***   SUPPRESSED MESSAGE    CP =     307.188   TIME= 18:51:57
 Previous testing revealed that 1 of the 5063 selected elements violate  
 shape warning limits.  To review warning messages, please see the       
 output or error file, or issue the CHECK command.                       

 *** WARNING ***   SUPPRESSED MESSAGE    CP =     311.688   TIME= 18:52:01
 The mesh of area 5 contains PLANE182 triangles, which are much too      
 stiff in bending.  Use quadratic (6- or 8-node) elements if possible.   

 *** WARNING ***   SUPPRESSED MESSAGE    CP =     316.812   TIME= 18:52:06
 The mesh of area 5 contains PLANE182 triangles, which are much too      
 stiff in bending.  Use quadratic (6- or 8-node) elements if possible.   

 *** WARNING ***   SUPPRESSED MESSAGE    CP =     322.312   TIME= 18:52:12
 The mesh of area 5 contains PLANE182 triangles, which are much too      
 stiff in bending.  Use quadratic (6- or 8-node) elements if possible.   

 *** WARNING ***   SUPPRESSED MESSAGE    CP =     322.828   TIME= 18:52:12
 Shape testing revealed that 1 of the 5007 new or modified elements      
 violate shape warning limits.  To review test results, please see the   
 output file or issue the CHECK command.                                 

 *** WARNING ***   SUPPRESSED MESSAGE    CP =     322.922   TIME= 18:52:12
 Previous testing revealed that 1 of the 5007 selected elements violate  
 shape warning limits.  To review warning messages, please see the       
 output or error file, or issue the CHECK command.                       

 *** WARNING ***   SUPPRESSED MESSAGE    CP =     326.938   TIME= 18:52:17
 The mesh of area 5 contains PLANE182 triangles, which are much too      
 stiff in bending.  Use quadratic (6- or 8-node) elements if possible.   

 *** WARNING ***   SUPPRESSED MESSAGE    CP =     331.828   TIME= 18:52:21
 The mesh of area 5 contains PLANE182 triangles, which are much too      
 stiff in bending.  Use quadratic (6- or 8-node) elements if possible.   

 *** WARNING ***   SUPPRESSED MESSAGE    CP =     336.719   TIME= 18:52:27
 The mesh of area 5 contains PLANE182 triangles, which are much too      
 stiff in bending.  Use quadratic (6- or 8-node) elements if possible.   

 *** WARNING ***   SUPPRESSED MESSAGE    CP =     342.844   TIME= 18:52:33
 The mesh of area 5 contains PLANE182 triangles, which are much too      
 stiff in bending.  Use quadratic (6- or 8-node) elements if possible.   

 *** WARNING ***   SUPPRESSED MESSAGE    CP =     347.797   TIME= 18:52:38
 The mesh of area 5 contains PLANE182 triangles, which are much too      
 stiff in bending.  Use quadratic (6- or 8-node) elements if possible.   

 *** WARNING ***   SUPPRESSED MESSAGE    CP =     352.922   TIME= 18:52:43
 The mesh of area 5 contains PLANE182 triangles, which are much too      
 stiff in bending.  Use quadratic (6- or 8-node) elements if possible.   

 *** WARNING ***   SUPPRESSED MESSAGE    CP =     358.016   TIME= 18:52:48
 The mesh of area 5 contains PLANE182 triangles, which are much too      
 stiff in bending.  Use quadratic (6- or 8-node) elements if possible.   

 *** WARNING ***   SUPPRESSED MESSAGE    CP =     362.953   TIME= 18:52:53
 The mesh of area 5 contains PLANE182 triangles, which are much too      
 stiff in bending.  Use quadratic (6- or 8-node) elements if possible.   

 *** WARNING ***   SUPPRESSED MESSAGE    CP =     368.266   TIME= 18:52:58
 The mesh of area 5 contains PLANE182 triangles, which are much too      
 stiff in bending.  Use quadratic (6- or 8-node) elements if possible.   

 *** WARNING ***   SUPPRESSED MESSAGE    CP =     373.406   TIME= 18:53:03
 The mesh of area 5 contains PLANE182 triangles, which are much too      
 stiff in bending.  Use quadratic (6- or 8-node) elements if possible.   

 *** WARNING ***   SUPPRESSED MESSAGE    CP =     378.328   TIME= 18:53:08
 The mesh of area 5 contains PLANE182 triangles, which are much too      
 stiff in bending.  Use quadratic (6- or 8-node) elements if possible.   

 *** WARNING ***   SUPPRESSED MESSAGE    CP =     383.328   TIME= 18:53:13
 The mesh of area 5 contains PLANE182 triangles, which are much too      
 stiff in bending.  Use quadratic (6- or 8-node) elements if possible.   

 *** WARNING ***   SUPPRESSED MESSAGE    CP =     388.891   TIME= 18:53:18
 The mesh of area 5 contains PLANE182 triangles, which are much too      
 stiff in bending.  Use quadratic (6- or 8-node) elements if possible.   

 *** WARNING ***   SUPPRESSED MESSAGE    CP =     394.797   TIME= 18:53:24
 The mesh of area 5 contains PLANE182 triangles, which are much too      
 stiff in bending.  Use quadratic (6- or 8-node) elements if possible.   

 *** WARNING ***   SUPPRESSED MESSAGE    CP =     395.328   TIME= 18:53:24
 Shape testing revealed that 2 of the 5154 new or modified elements      
 violate shape warning limits.  To review test results, please see the   
 output file or issue the CHECK command.                                 

 *** WARNING ***   SUPPRESSED MESSAGE    CP =     395.406   TIME= 18:53:24
 Previous testing revealed that 2 of the 5154 selected elements violate  
 shape warning limits.  To review warning messages, please see the       
 output or error file, or issue the CHECK command.                       

 *** WARNING ***   SUPPRESSED MESSAGE    CP =     400.047   TIME= 18:53:30
 The mesh of area 5 contains PLANE182 triangles, which are much too      
 stiff in bending.  Use quadratic (6- or 8-node) elements if possible.   

 *** WARNING ***   SUPPRESSED MESSAGE    CP =     405.031   TIME= 18:53:35
 The mesh of area 5 contains PLANE182 triangles, which are much too      
 stiff in bending.  Use quadratic (6- or 8-node) elements if possible.   

 *** WARNING ***   SUPPRESSED MESSAGE    CP =     411.078   TIME= 18:53:42
 The mesh of area 5 contains PLANE182 triangles, which are much too      
 stiff in bending.  Use quadratic (6- or 8-node) elements if possible.   

 *** WARNING ***   SUPPRESSED MESSAGE    CP =     416.469   TIME= 18:53:47
 The mesh of area 5 contains PLANE182 triangles, which are much too      
 stiff in bending.  Use quadratic (6- or 8-node) elements if possible.   

 *** WARNING ***   SUPPRESSED MESSAGE    CP =     421.578   TIME= 18:53:52
 The mesh of area 5 contains PLANE182 triangles, which are much too      
 stiff in bending.  Use quadratic (6- or 8-node) elements if possible.   

 *** WARNING ***   SUPPRESSED MESSAGE    CP =     426.500   TIME= 18:53:57
 The mesh of area 5 contains PLANE182 triangles, which are much too      
 stiff in bending.  Use quadratic (6- or 8-node) elements if possible.   

 *** WARNING ***   SUPPRESSED MESSAGE    CP =     433.172   TIME= 18:54:04
 The mesh of area 5 contains PLANE182 triangles, which are much too      
 stiff in bending.  Use quadratic (6- or 8-node) elements if possible.   

 *** WARNING ***   SUPPRESSED MESSAGE    CP =     438.172   TIME= 18:54:09
 The mesh of area 5 contains PLANE182 triangles, which are much too      
 stiff in bending.  Use quadratic (6- or 8-node) elements if possible.   
