/COM,ANSYS RELEASE 2020 R1           BUILD 20.1      UP20191203       12:39:38

 *** WARNING ***                         CP =       1.438   TIME= 12:43:20
 The /PMACRO command is only valid inside a macro or an input file.      
  Command ignored.                                                       

 *** WARNING ***                         CP =       1.984   TIME= 12:43:22
 Initial attempt to mesh area 5 was unsuccessful.  Automatically         
 attempting to correct and remesh.  (5).                                 

 *** WARNING ***                         CP =       2.125   TIME= 12:43:22
 The mesh of area 5 contains PLANE182 triangles, which are much too      
 stiff in bending.  Use quadratic (6- or 8-node) elements if possible.   

 *** WARNING ***                         CP =       2.125   TIME= 12:43:22
 Shape testing revealed that 11 of the 29 new or modified elements       
 violate shape warning limits.  To review test results, please see the   
 output file or issue the CHECK command.                                 

 *** WARNING ***                         CP =       2.297   TIME= 12:43:23
 Meshes made up of 10 percent or more of PLANE182 triangles are not      
 recommended.                                                            

 *** WARNING ***                         CP =       2.297   TIME= 12:43:23
 Previous testing revealed that 11 of the 29 selected elements violate   
 shape warning limits.  To review warning messages, please see the       
 output or error file, or issue the CHECK command.                       

 *** WARNING ***   SUPPRESSED MESSAGE    CP =       4.516   TIME= 12:47:44
 The requested S data is not available.  The PDEF command is ignored.    

 *** WARNING ***   SUPPRESSED MESSAGE    CP =       4.547   TIME= 12:47:44
 Invalid PCALC INTG path label SY.                                       
  The PCALC command is ignored.                                          
/COM,ANSYS RELEASE 2020 R1           BUILD 20.1      UP20191203       13:36:53

 *** ERROR ***     SUPPRESSED MESSAGE    CP =       2.844   TIME= 13:58:21
 Subscript 1 is out of range for parameter C                             
  Specified value is 3 Maximum value is 2.                               

 *** WARNING ***   SUPPRESSED MESSAGE    CP =       3.812   TIME= 13:58:27
 The requested S data is not available.  The PDEF command is ignored.    

 *** WARNING ***   SUPPRESSED MESSAGE    CP =       3.844   TIME= 13:58:27
 Invalid PCALC INTG path label SY.                                       
  The PCALC command is ignored.                                          

 *** WARNING ***   SUPPRESSED MESSAGE    CP =       4.734   TIME= 13:58:29
 The requested S data is not available.  The PDEF command is ignored.    

 *** WARNING ***   SUPPRESSED MESSAGE    CP =       4.734   TIME= 13:58:29
 Invalid PCALC INTG path label SY.                                       
  The PCALC command is ignored.                                          
