/COM,ANSYS RELEASE Release 18.0      BUILD 18.0      UP20161219       14:52:45

 *** WARNING ***                         CP =       1.641   TIME= 14:52:54
 The /PMACRO command is only valid inside a macro or an input file.      
  Command ignored.                                                       

 *** WARNING ***                         CP =       2.016   TIME= 14:52:56
 Initial attempt to mesh area 5 was unsuccessful.  Automatically         
 attempting to correct and remesh.  (5).                                 

 *** WARNING ***                         CP =       2.094   TIME= 14:52:56
 The mesh of area 5 contains PLANE182 triangles, which are much too      
 stiff in bending.  Use quadratic (6- or 8-node) elements if possible.   

 *** WARNING ***                         CP =       2.141   TIME= 14:52:56
 Shape testing revealed that 10 of the 27 new or modified elements       
 violate shape warning limits.  To review test results, please see the   
 output file or issue the CHECK command.                                 

 *** WARNING ***                         CP =       2.297   TIME= 14:52:57
 Meshes made up of 10 percent or more of PLANE182 triangles are not      
 recommended.                                                            

 *** WARNING ***                         CP =       2.297   TIME= 14:52:57
 Previous testing revealed that 10 of the 27 selected elements violate   
 shape warning limits.  To review warning messages, please see the       
 output or error file, or issue the CHECK command.                       

 *** WARNING ***                         CP =       4.156   TIME= 15:09:55
 XXX is not a recognized PREP7 command, abbreviation, or macro.          
  This command will be ignored.                                          

 *** WARNING ***                         CP =       4.156   TIME= 15:09:55
 In the graphical user interface, the *VWRITE command can only be        
 executed from an external file such as /INPUT or *USE.  The command is  
 ignored.                                                                

 *** WARNING ***                         CP =       4.188   TIME= 15:09:56
 Error in format, not enough data format specifiers                      
  .                                                                      

 *** WARNING ***                         CP =       4.234   TIME= 15:09:56
 (3F10.5) is not a recognized PREP7 command, abbreviation, or macro.     
  This command will be ignored.                                          

 *** WARNING ***                         CP =       4.266   TIME= 15:09:56
 WAIT is not a recognized PREP7 command, abbreviation, or macro.         
  This command will be ignored.                                          

 *** WARNING ***                         CP =       4.281   TIME= 15:09:56
 XXX is not a recognized PREP7 command, abbreviation, or macro.          
  This command will be ignored.                                          

 *** WARNING ***                         CP =       4.281   TIME= 15:09:56
 WAIT is not a recognized PREP7 command, abbreviation, or macro.         
  This command will be ignored.                                          

 *** WARNING ***                         CP =       4.344   TIME= 15:09:56
 XXX is not a recognized PREP7 command, abbreviation, or macro.          
  This command will be ignored.                                          

 *** WARNING ***                         CP =       4.359   TIME= 15:09:56
 WAIT is not a recognized PREP7 command, abbreviation, or macro.         
  This command will be ignored.                                          

 *** WARNING ***                         CP =       4.359   TIME= 15:09:56
 XXX is not a recognized PREP7 command, abbreviation, or macro.          
  This command will be ignored.                                          

 *** WARNING ***                         CP =       4.578   TIME= 15:10:32
 XXX is not a recognized PREP7 command, abbreviation, or macro.          
  This command will be ignored.                                          

 *** WARNING ***                         CP =       4.625   TIME= 15:10:33
 In the graphical user interface, the *VWRITE command can only be        
 executed from an external file such as /INPUT or *USE.  The command is  
 ignored.                                                                

 *** WARNING ***                         CP =       4.688   TIME= 15:10:33
 Error in format, not enough data format specifiers                      
  .                                                                      

 *** WARNING ***                         CP =       4.719   TIME= 15:10:33
 (3F10.5) is not a recognized PREP7 command, abbreviation, or macro.     
  This command will be ignored.                                          

 *** WARNING ***                         CP =       4.797   TIME= 15:10:33
 WAIT is not a recognized PREP7 command, abbreviation, or macro.         
  This command will be ignored.                                          

 *** WARNING ***                         CP =       4.812   TIME= 15:10:33
 XXX is not a recognized PREP7 command, abbreviation, or macro.          
  This command will be ignored.                                          

 *** WARNING ***                         CP =       4.828   TIME= 15:10:33
 WAIT is not a recognized PREP7 command, abbreviation, or macro.         
  This command will be ignored.                                          

 *** WARNING ***                         CP =       4.844   TIME= 15:10:33
 XXX is not a recognized PREP7 command, abbreviation, or macro.          
  This command will be ignored.                                          

 *** WARNING ***                         CP =       4.844   TIME= 15:10:33
 WAIT is not a recognized PREP7 command, abbreviation, or macro.         
  This command will be ignored.                                          

 *** WARNING ***                         CP =       4.875   TIME= 15:10:34
 XXX is not a recognized PREP7 command, abbreviation, or macro.          
  This command will be ignored.                                          

 *** ERROR ***                           CP =       9.391   TIME= 15:37:45
 No data stored in database.                                             

 *** ERROR ***                           CP =       9.625   TIME= 15:37:50
 No data stored in database.                                             

 *** WARNING ***                         CP =      10.219   TIME= 16:11:36
 *DO loop FVAL value is undefined: (L).  Using default (0).              

 *** WARNING ***                         CP =      10.219   TIME= 16:11:36
 No *DO trips needed, enter *ENDDO .                                     
/COM,ANSYS RELEASE Release 18.0      BUILD 18.0      UP20161219       16:12:56

 *** WARNING ***                         CP =       1.625   TIME= 16:13:03
 The /PMACRO command is only valid inside a macro or an input file.      
  Command ignored.                                                       

 *** WARNING ***                         CP =       1.953   TIME= 16:13:04
 Initial attempt to mesh area 5 was unsuccessful.  Automatically         
 attempting to correct and remesh.  (5).                                 

 *** WARNING ***                         CP =       2.047   TIME= 16:13:04
 The mesh of area 5 contains PLANE182 triangles, which are much too      
 stiff in bending.  Use quadratic (6- or 8-node) elements if possible.   

 *** WARNING ***                         CP =       2.094   TIME= 16:13:05
 Shape testing revealed that 10 of the 27 new or modified elements       
 violate shape warning limits.  To review test results, please see the   
 output file or issue the CHECK command.                                 

 *** WARNING ***                         CP =       2.234   TIME= 16:13:05
 Meshes made up of 10 percent or more of PLANE182 triangles are not      
 recommended.                                                            

 *** WARNING ***                         CP =       2.234   TIME= 16:13:05
 Previous testing revealed that 10 of the 27 selected elements violate   
 shape warning limits.  To review warning messages, please see the       
 output or error file, or issue the CHECK command.                       
/COM,ANSYS RELEASE Release 18.0      BUILD 18.0      UP20161219       15:01:42
/COM,ANSYS RELEASE Release 18.0      BUILD 18.0      UP20161219       15:50:03

 *** WARNING ***   SUPPRESSED MESSAGE    CP =      23.328   TIME= 15:51:40
 The mesh of area 3 contains PLANE182 triangles, which are much too      
 stiff in bending.  Use quadratic (6- or 8-node) elements if possible.   

 *** WARNING ***   SUPPRESSED MESSAGE    CP =      47.203   TIME= 16:24:26
 The mesh of area 3 contains PLANE182 triangles, which are much too      
 stiff in bending.  Use quadratic (6- or 8-node) elements if possible.   
/COM,ANSYS RELEASE Release 18.0      BUILD 18.0      UP20161219       15:23:05

 *** WARNING ***   SUPPRESSED MESSAGE    CP =      16.875   TIME= 15:30:58
 The mesh of area 3 contains PLANE182 triangles, which are much too      
 stiff in bending.  Use quadratic (6- or 8-node) elements if possible.   

 *** ERROR ***     SUPPRESSED MESSAGE    CP =      23.625   TIME= 15:31:10
 *DMAT Command : The Parameter result does not exist.                    

 *** ERROR ***     SUPPRESSED MESSAGE    CP =      23.625   TIME= 15:31:10
 *EXP Command : Matrix/Vector EXPORTMATRIX cannot be found.              

 *** WARNING ***   SUPPRESSED MESSAGE    CP =      25.422   TIME= 15:46:53
 Use of a blank label as a parameter name is not allowed.  The setting   
 of the parameter is ignored.                                            

 *** WARNING ***   SUPPRESSED MESSAGE    CP =      27.031   TIME= 15:54:25
 *GET parameter name is blank.                                           
  Line= *GET,, PARM, U, TYPE,                                            
  The *GET command is ignored.                                           

 *** ERROR ***     SUPPRESSED MESSAGE    CP =      27.609   TIME= 16:11:59
 A resulting table parameter name (ParR) must be input on the *TOPER     
 command.                                                                

 *** WARNING ***   SUPPRESSED MESSAGE    CP =      28.828   TIME= 16:43:48
 TEST is not a recognized BEGIN command, abbreviation, or macro.  This   
 command will be ignored.                                                

 *** WARNING ***   SUPPRESSED MESSAGE    CP =      29.000   TIME= 17:04:12
 The view for graph plots is currently NOT changeable.                   
  To enable graph view manipulation, issue /GROPTS,VIEW,1.               
/COM,ANSYS RELEASE Release 18.0      BUILD 18.0      UP20161219       17:04:22

 *** ERROR ***     SUPPRESSED MESSAGE    CP =       7.906   TIME= 17:04:54
 *DMAT Command : The Parameter result does not exist.                    

 *** ERROR ***     SUPPRESSED MESSAGE    CP =       7.906   TIME= 17:04:54
 *EXP Command : Matrix/Vector EXPORTMATRIX cannot be found.              

 *** WARNING ***   SUPPRESSED MESSAGE    CP =       8.062   TIME= 17:06:33
 The view for graph plots is currently NOT changeable.                   
  To enable graph view manipulation, issue /GROPTS,VIEW,1.               

 *** WARNING ***   SUPPRESSED MESSAGE    CP =       8.062   TIME= 17:06:33
 The view for graph plots is currently NOT changeable.                   
  To enable graph view manipulation, issue /GROPTS,VIEW,1.               

 *** WARNING ***   SUPPRESSED MESSAGE    CP =       8.062   TIME= 17:06:33
 The view for graph plots is currently NOT changeable.                   
  To enable graph view manipulation, issue /GROPTS,VIEW,1.               

 *** WARNING ***   SUPPRESSED MESSAGE    CP =       8.062   TIME= 17:06:33
 The view for graph plots is currently NOT changeable.                   
  To enable graph view manipulation, issue /GROPTS,VIEW,1.               

 *** ERROR ***     SUPPRESSED MESSAGE    CP =      14.406   TIME= 17:11:41
 *DMAT Command : The Parameter result does not exist.                    

 *** ERROR ***     SUPPRESSED MESSAGE    CP =      14.422   TIME= 17:11:41
 *EXP Command : Matrix/Vector EXPORTMATRIX cannot be found.              

 *** WARNING ***   SUPPRESSED MESSAGE    CP =      15.172   TIME= 17:12:48
 H is not a recognized BEGIN command, abbreviation, or macro.  This      
 command will be ignored.                                                

 *** WARNING ***   SUPPRESSED MESSAGE    CP =      15.219   TIME= 17:12:53
 PRINT is not a recognized BEGIN command, abbreviation, or macro.  This  
 command will be ignored.                                                

 *** WARNING ***   SUPPRESSED MESSAGE    CP =      15.281   TIME= 17:12:56
 PRINTH is not a recognized BEGIN command, abbreviation, or macro.       
 This command will be ignored.                                           

 *** ERROR ***     SUPPRESSED MESSAGE    CP =      16.422   TIME= 17:13:33
 An unexpected error ( SIG$BREAK ) has occurred...  ANSYS internal data  
 has been corrupted.  ANSYS is unable to recover and will terminate.     
 Previously saved files are unaffected.  Please send the data leading    
 to this operation to your technical support provider, as this will      
 allow ANSYS, Inc to improve the program.                                
