!################################################   
!### Projektarbeit Jonathan Schnitzler     ######   
!### Datengenerierung für Neuronales Netz  ######  
!################################################   
!############## 
!## T O  D O ## 
!############## 
!   
! - Generalisierung vervollständigen   
!    o Länge und Breite des Grids zur Fensterabzählung ergänzen  
!   
!   
!   
! - Auswertungspunkte Verbessern
!   
!   
!   
!############## 
!################################################   
!##            Start des Programms             ##   
!################################################   
/nerr,0 
finish  
/clear,start
/COM,ANSYS RELEASE 2020 R1           BUILD 20.1      UP20191203       15:11:32
/input,start,ans,'C:\Program Files\ANSYS Inc\v201\ANSYS\apdl\'  
!-----------------  
!Parameter  
!-----------------  
*SET,xStart , 0 
*SET,yStart , 0 
*SET,height , 8 
*SET,width , 8  
*SET,doorX , 1  
*SET,doorY , 2  
*SET,windW , 1.25   
*SET,windH , 1.25   
*SET,margin , 1 
*SET,windMargin , 0.125 
*SET,meshsize , 0.2 
*SET,door , 2   
*SET,wind1X , 2 
*SET,wind1Y , 3 
*SET,wind2X , 6 
*SET,wind2Y , 3 
/prep7  
!-----------------  
!Create House   
!-----------------  
BLC4,xStart, yStart, width, height !House   
BLC4,door,yStart, doorX, doorY !Door
BLC4,wind1X,wind1Y,windW,windH !Window  
BLC4,wind2X,wind2Y,windW,windH !2nd Window  
!Selecting and deleting the area of Door and the two windows
FLST,3,3,5,ORDE,2   
FITEM,3,2   
FITEM,3,-4  
ASBA,       1,P51X  
!-----------------  
! Material  
!-----------------  
ET,1,PLANE182   
KEYOPT,1,1,0
KEYOPT,1,3,3
KEYOPT,1,6,0
r,1,0.2 
mp,ex,1,30000000
mp,prxy,1,0.2   
dl,17,,all  
dl,18,,all  
sfl,3,pres,25000000 !2.5E7  
!-----------------  
! Mesh  
!-----------------  
esize,meshsize  
amesh,all   
cpintf,all  
!/solu  
!solve  
!/post1 
!finish 
FINISH  
/SOL
/STATUS,SOLU
SOLVE   
FINISH  
/POST1  
/SHOW,WIN32C
SET,FIRST   
/PLOPTS,INFO,3  
/CONTOUR,ALL,18 
/PNUM,MAT,1 
/NUMBER,1   
/REPLOT,RESIZE  
PLNSOL,U,X  
/UI,COPY,SAVE,PNG,GRAPH,COLOR,NORM,LANDSCAPE,YES
! /UIS,ABORT,1  
/SHOW,WIN32 
/REPLOT,RESIZE  
/REPLOT,RESIZE  
EPLOT   
!*  
PRNSOL,U,X  
ALLSEL,BELOW,ELEM   
NSEL,S,LOC,X,4,4
/PNUM,KP,0  
/PNUM,LINE,0
/PNUM,AREA,0
/PNUM,VOLU,0
/PNUM,NODE,1
/PNUM,TABN,0
/PNUM,SVAL,0
/NUMBER,1   
!*  
/PNUM,MAT,1 
/REPLOT 
!*  
NPLOT   
ALLSEL,ALL  
NSEL,S,LOC,X,4,4
NSEL,R,LOC,Y,4,4
NPLOT   
/DIST, 1 ,0.924021,1
/REP,FAST   
/DIST, 1 ,0.924021,1
/REP,FAST   
/DIST, 1 ,0.924021,1
/REP,FAST   
/DIST, 1 ,0.924021,1
/REP,FAST   
/DIST, 1 ,1.082226,1
/REP,FAST   
/DIST, 1 ,1.082226,1
/REP,FAST   
/DIST, 1 ,1.082226,1
/REP,FAST   
/DIST, 1 ,1.082226,1
/REP,FAST   
/DIST, 1 ,1.082226,1
/REP,FAST   
/DIST, 1 ,1.082226,1
/REP,FAST   
NSEL,S,LOC,X,3.95,4.05  
NPLOT   
/DIST, 1 ,1.082226,1
/REP,FAST   
/DIST, 1 ,1.082226,1
/REP,FAST   
/DIST, 1 ,1.082226,1
/REP,FAST   
/DIST, 1 ,1.082226,1
/REP,FAST   
/DIST, 1 ,1.082226,1
/REP,FAST   
/DIST, 1 ,1.082226,1
/REP,FAST   
/DIST, 1 ,1.082226,1
/REP,FAST   
/DIST, 1 ,1.082226,1
/REP,FAST   
/DIST, 1 ,1.082226,1
/REP,FAST   
/DIST, 1 ,1.082226,1
/REP,FAST   
/DIST, 1 ,1.082226,1
/REP,FAST   
/DIST, 1 ,1.082226,1
/REP,FAST   
/DIST, 1 ,1.082226,1
/REP,FAST   
/DIST, 1 ,1.082226,1
/REP,FAST   
/DIST, 1 ,1.082226,1
/REP,FAST   
/DIST, 1 ,1.082226,1
/REP,FAST   
/DIST, 1 ,1.082226,1
/REP,FAST   
/DIST, 1 ,1.082226,1
/REP,FAST   
/DIST, 1 ,1.082226,1
/REP,FAST   
/DIST, 1 ,1.082226,1
/REP,FAST   
/DIST, 1 ,0.924021,1
/REP,FAST   
/DIST, 1 ,0.924021,1
/REP,FAST   
/DIST, 1 ,1.082226,1
/REP,FAST   
/DIST, 1 ,1.082226,1
/REP,FAST   
/DIST, 1 ,0.924021,1
/REP,FAST   
/DIST, 1 ,0.924021,1
/REP,FAST   
NSEL,R,LOC,Y,3.95,4.05  
NPLOT   
/DIST, 1 ,0.924021,1
/REP,FAST   
/DIST, 1 ,0.924021,1
/REP,FAST   
ALLSEL,ALL  
NPLOT   
NSLE,R  
EPLOT   
ESEL,R, , ,     392 
/DIST, 1 ,1.082226,1
/REP,FAST   
/DIST, 1 ,1.082226,1
/REP,FAST   
/DIST, 1 ,1.082226,1
/REP,FAST   
/DIST, 1 ,1.082226,1
/REP,FAST   
/DIST, 1 ,0.924021,1
/REP,FAST   
/DIST, 1 ,0.924021,1
/REP,FAST   
/DIST, 1 ,0.924021,1
/REP,FAST   
/DIST, 1 ,1.082226,1
/REP,FAST   
/DIST, 1 ,1.082226,1
/REP,FAST   
/DIST, 1 ,1.082226,1
/REP,FAST   
/DIST, 1 ,0.924021,1
/REP,FAST   
/DIST, 1 ,0.924021,1
/REP,FAST   
/DIST, 1 ,0.924021,1
/REP,FAST   
/DIST, 1 ,0.924021,1
/REP,FAST   
/DIST, 1 ,0.924021,1
/REP,FAST   
/DIST, 1 ,0.924021,1
/REP,FAST   
/DIST, 1 ,0.924021,1
/REP,FAST   
/DIST, 1 ,0.924021,1
/REP,FAST   
elist,all,,,0,0 
!*  
!*  
PRESOL,S,COMP   
FINISH  
! /EXIT,MODEL   
