/COM,ANSYS RELEASE 2020 R1           BUILD 20.1      UP20191203       14:54:07

 *** WARNING ***   SUPPRESSED MESSAGE    CP =       3.094   TIME= 15:11:33
 The mesh of area 5 contains PLANE182 triangles, which are much too      
 stiff in bending.  Use quadratic (6- or 8-node) elements if possible.   
/COM,ANSYS RELEASE 2020 R1           BUILD 20.1      UP20191203       18:58:54

 *** ERROR ***                           CP =       1.312   TIME= 18:59:16
 Two consecutive operations.  Add parentheses as needed.                 

 *** ERROR ***                           CP =       1.344   TIME= 18:59:19
 The above error occurred processing field= 5//2                         
  Line= *SET,s, (5 //2).                                                 

 *** ERROR ***                           CP =       1.438   TIME= 18:59:49
 Two consecutive operations.  Add parentheses as needed.                 

 *** ERROR ***                           CP =       1.453   TIME= 18:59:51
 The above error occurred processing field= 6//2                         
  Line= *SET,testVar, (6//2).                                            

 *** WARNING ***                         CP =       1.500   TIME= 18:59:59
 \COMHALL is not a recognized BEGIN command, abbreviation, or macro.     
 This command will be ignored.                                           

 *** WARNING ***                         CP =       1.531   TIME= 19:00:07
 \COM is not a recognized BEGIN command, abbreviation, or macro.  This   
 command will be ignored.                                                
