
 PRINT U    NODAL SOLUTION PER NODE
 
  ***** POST1 NODAL DEGREE OF FREEDOM LISTING *****                            
 
  LOAD STEP=     1  SUBSTEP=     1                                             
   TIME=    1.0000      LOAD CASE=   0                                         
 
  THE FOLLOWING DEGREE OF FREEDOM RESULTS ARE IN THE GLOBAL COORDINATE SYSTEM  
 
    NODE       UX           UY           UZ           USUM  
       1   0.0000       0.0000       0.0000       0.0000     
       2 -0.50322E-005-0.12501E-004  0.0000      0.13476E-004
       3  0.75281E-006-0.18583E-005  0.0000      0.20050E-005
       4  0.12316E-005-0.33683E-005  0.0000      0.35864E-005
       5  0.14939E-005-0.46929E-005  0.0000      0.49250E-005
       6  0.14111E-005-0.58611E-005  0.0000      0.60286E-005
       7  0.88748E-006-0.70426E-005  0.0000      0.70983E-005
       8  0.16666E-006-0.82927E-005  0.0000      0.82943E-005
       9 -0.62531E-006-0.95122E-005  0.0000      0.95328E-005
      10 -0.15869E-005-0.10609E-004  0.0000      0.10727E-004
      11 -0.28245E-005-0.11555E-004  0.0000      0.11895E-004
      12 -0.53265E-005-0.23560E-004  0.0000      0.24154E-004
      13 -0.62838E-005-0.13974E-004  0.0000      0.15322E-004
      14 -0.68267E-005-0.15469E-004  0.0000      0.16908E-004
      15 -0.71048E-005-0.16870E-004  0.0000      0.18305E-004
      16 -0.71101E-005-0.18140E-004  0.0000      0.19484E-004
      17 -0.69826E-005-0.19277E-004  0.0000      0.20503E-004
      18 -0.67014E-005-0.20273E-004  0.0000      0.21352E-004
      19 -0.63644E-005-0.21226E-004  0.0000      0.22159E-004
      20 -0.60172E-005-0.22030E-004  0.0000      0.22837E-004
      21 -0.56684E-005-0.22793E-004  0.0000      0.23488E-004
      22 -0.11586E-005-0.16230E-004  0.0000      0.16272E-004
      23 -0.45480E-005-0.23236E-004  0.0000      0.23677E-004
      24 -0.37307E-005-0.22870E-004  0.0000      0.23173E-004
      25 -0.29612E-005-0.22488E-004  0.0000      0.22682E-004
      26 -0.22158E-005-0.21998E-004  0.0000      0.22109E-004
      27 -0.15555E-005-0.21464E-004  0.0000      0.21520E-004
      28 -0.96529E-006-0.20724E-004  0.0000      0.20747E-004
      29 -0.45972E-006-0.19852E-004  0.0000      0.19857E-004
      30 -0.28206E-006-0.18768E-004  0.0000      0.18770E-004
      31 -0.41589E-006-0.17529E-004  0.0000      0.17534E-004
      32   0.0000       0.0000       0.0000       0.0000     
      33 -0.28110E-005-0.15086E-004  0.0000      0.15345E-004
      34 -0.36424E-005-0.13944E-004  0.0000      0.14412E-004
      35 -0.42064E-005-0.12763E-004  0.0000      0.13438E-004
      36 -0.42771E-005-0.11652E-004  0.0000      0.12412E-004
      37 -0.37597E-005-0.10364E-004  0.0000      0.11025E-004
 
  ***** POST1 NODAL DEGREE OF FREEDOM LISTING *****                            
 
  LOAD STEP=     1  SUBSTEP=     1                                             
   TIME=    1.0000      LOAD CASE=   0                                         
 
  THE FOLLOWING DEGREE OF FREEDOM RESULTS ARE IN THE GLOBAL COORDINATE SYSTEM  
 
    NODE       UX           UY           UZ           USUM  
      38 -0.30157E-005-0.87449E-005  0.0000      0.92502E-005
      39 -0.24822E-005-0.67672E-005  0.0000      0.72081E-005
      40 -0.20617E-005-0.49305E-005  0.0000      0.53442E-005
      41 -0.11180E-005-0.28199E-005  0.0000      0.30334E-005
      42   0.0000       0.0000       0.0000       0.0000     
      43   0.0000       0.0000       0.0000       0.0000     
      44   0.0000       0.0000       0.0000       0.0000     
      45   0.0000       0.0000       0.0000       0.0000     
      46   0.0000       0.0000       0.0000       0.0000     
      47   0.0000       0.0000       0.0000       0.0000     
      48   0.0000       0.0000       0.0000       0.0000     
      49   0.0000       0.0000       0.0000       0.0000     
      50   0.0000       0.0000       0.0000       0.0000     
      51   0.0000       0.0000       0.0000       0.0000     
      52 -0.18652E-005-0.57357E-005  0.0000      0.60313E-005
      53 -0.17303E-005-0.49809E-005  0.0000      0.52729E-005
      54 -0.15262E-005-0.43166E-005  0.0000      0.45784E-005
      55 -0.12879E-005-0.36337E-005  0.0000      0.38552E-005
      56 -0.10391E-005-0.29812E-005  0.0000      0.31571E-005
      57 -0.76048E-006-0.23768E-005  0.0000      0.24955E-005
      58 -0.49024E-006-0.18182E-005  0.0000      0.18831E-005
      59 -0.24192E-006-0.13059E-005  0.0000      0.13281E-005
      60 -0.54564E-007-0.84750E-006  0.0000      0.84925E-006
      61  0.62860E-007-0.42319E-006  0.0000      0.42783E-006
      62 -0.14067E-005-0.51303E-005  0.0000      0.53196E-005
      63 -0.14177E-005-0.56804E-005  0.0000      0.58546E-005
      64 -0.14044E-005-0.60722E-005  0.0000      0.62325E-005
      65 -0.14314E-005-0.63120E-005  0.0000      0.64723E-005
      66 -0.14738E-005-0.64970E-005  0.0000      0.66621E-005
      67 -0.15491E-005-0.65886E-005  0.0000      0.67683E-005
      68 -0.16278E-005-0.65983E-005  0.0000      0.67961E-005
      69 -0.16873E-005-0.65396E-005  0.0000      0.67538E-005
      70 -0.17380E-005-0.63409E-005  0.0000      0.65748E-005
      71 -0.18070E-005-0.60323E-005  0.0000      0.62971E-005
      72   0.0000       0.0000       0.0000       0.0000     
      73 -0.23769E-006-0.57983E-006  0.0000      0.62666E-006
      74 -0.39573E-006-0.11155E-005  0.0000      0.11836E-005
 
  ***** POST1 NODAL DEGREE OF FREEDOM LISTING *****                            
 
  LOAD STEP=     1  SUBSTEP=     1                                             
   TIME=    1.0000      LOAD CASE=   0                                         
 
  THE FOLLOWING DEGREE OF FREEDOM RESULTS ARE IN THE GLOBAL COORDINATE SYSTEM  
 
    NODE       UX           UY           UZ           USUM  
      75 -0.51721E-006-0.16126E-005  0.0000      0.16936E-005
      76 -0.62973E-006-0.21050E-005  0.0000      0.21971E-005
      77 -0.73817E-006-0.26030E-005  0.0000      0.27056E-005
      78 -0.84088E-006-0.31191E-005  0.0000      0.32305E-005
      79 -0.93884E-006-0.36465E-005  0.0000      0.37654E-005
      80 -0.10918E-005-0.42049E-005  0.0000      0.43444E-005
      81 -0.12682E-005-0.46660E-005  0.0000      0.48353E-005
      82   0.0000       0.0000       0.0000       0.0000     
      83   0.0000       0.0000       0.0000       0.0000     
      84   0.0000       0.0000       0.0000       0.0000     
      85   0.0000       0.0000       0.0000       0.0000     
      86   0.0000       0.0000       0.0000       0.0000     
      87   0.0000       0.0000       0.0000       0.0000     
      88   0.0000       0.0000       0.0000       0.0000     
      89   0.0000       0.0000       0.0000       0.0000     
      90   0.0000       0.0000       0.0000       0.0000     
      91 -0.11720E-005-0.91482E-005  0.0000      0.92229E-005
      92 -0.19532E-005-0.14777E-004  0.0000      0.14905E-004
      93 -0.12806E-005-0.98886E-005  0.0000      0.99711E-005
      94 -0.13702E-005-0.10629E-004  0.0000      0.10717E-004
      95 -0.14072E-005-0.11224E-004  0.0000      0.11312E-004
      96 -0.14353E-005-0.11777E-004  0.0000      0.11864E-004
      97 -0.14886E-005-0.12302E-004  0.0000      0.12391E-004
      98 -0.15738E-005-0.12772E-004  0.0000      0.12869E-004
      99 -0.16737E-005-0.13199E-004  0.0000      0.13305E-004
     100 -0.17798E-005-0.13630E-004  0.0000      0.13746E-004
     101 -0.18578E-005-0.14101E-004  0.0000      0.14223E-004
     102 -0.30214E-005-0.86471E-005  0.0000      0.91597E-005
     103 -0.28832E-005-0.77197E-005  0.0000      0.82405E-005
     104 -0.27746E-005-0.71462E-005  0.0000      0.76659E-005
     105 -0.26190E-005-0.68126E-005  0.0000      0.72987E-005
     106 -0.23732E-005-0.65938E-005  0.0000      0.70079E-005
     107 -0.21123E-005-0.65611E-005  0.0000      0.68928E-005
     108 -0.18113E-005-0.66185E-005  0.0000      0.68619E-005
     109 -0.14967E-005-0.68043E-005  0.0000      0.69669E-005
     110 -0.12005E-005-0.72112E-005  0.0000      0.73105E-005
     111 -0.10359E-005-0.78708E-005  0.0000      0.79387E-005
 
  ***** POST1 NODAL DEGREE OF FREEDOM LISTING *****                            
 
  LOAD STEP=     1  SUBSTEP=     1                                             
   TIME=    1.0000      LOAD CASE=   0                                         
 
  THE FOLLOWING DEGREE OF FREEDOM RESULTS ARE IN THE GLOBAL COORDINATE SYSTEM  
 
    NODE       UX           UY           UZ           USUM  
     112 -0.33977E-005-0.14292E-004  0.0000      0.14690E-004
     113 -0.35190E-005-0.13544E-004  0.0000      0.13994E-004
     114 -0.35631E-005-0.12890E-004  0.0000      0.13374E-004
     115 -0.35556E-005-0.12302E-004  0.0000      0.12805E-004
     116 -0.35097E-005-0.11766E-004  0.0000      0.12278E-004
     117 -0.34813E-005-0.11261E-004  0.0000      0.11787E-004
     118 -0.34248E-005-0.10731E-004  0.0000      0.11264E-004
     119 -0.33428E-005-0.10220E-004  0.0000      0.10753E-004
     120 -0.32558E-005-0.96965E-005  0.0000      0.10229E-004
     121 -0.31509E-005-0.91808E-005  0.0000      0.97064E-005
     122 -0.20709E-005-0.15296E-004  0.0000      0.15436E-004
     123 -0.21790E-005-0.15686E-004  0.0000      0.15837E-004
     124 -0.22807E-005-0.15836E-004  0.0000      0.15999E-004
     125 -0.24156E-005-0.15965E-004  0.0000      0.16146E-004
     126 -0.26349E-005-0.15970E-004  0.0000      0.16185E-004
     127 -0.28170E-005-0.15958E-004  0.0000      0.16205E-004
     128 -0.30158E-005-0.15817E-004  0.0000      0.16102E-004
     129 -0.32036E-005-0.15597E-004  0.0000      0.15923E-004
     130 -0.33464E-005-0.15154E-004  0.0000      0.15519E-004
     131  0.50726E-006-0.30978E-005  0.0000      0.31391E-005
     132  0.19465E-006-0.88180E-005  0.0000      0.88201E-005
     133  0.60696E-006-0.38031E-005  0.0000      0.38513E-005
     134  0.60865E-006-0.43209E-005  0.0000      0.43636E-005
     135  0.61468E-006-0.47894E-005  0.0000      0.48287E-005
     136  0.63368E-006-0.52619E-005  0.0000      0.52999E-005
     137  0.66256E-006-0.58019E-005  0.0000      0.58396E-005
     138  0.65621E-006-0.63481E-005  0.0000      0.63819E-005
     139  0.62689E-006-0.69121E-005  0.0000      0.69405E-005
     140  0.54729E-006-0.74900E-005  0.0000      0.75100E-005
     141  0.41296E-006-0.81078E-005  0.0000      0.81183E-005
     142 -0.69782E-006-0.30205E-005  0.0000      0.31001E-005
     143 -0.58928E-006-0.23487E-005  0.0000      0.24215E-005
     144 -0.42900E-006-0.18567E-005  0.0000      0.19056E-005
     145 -0.36050E-006-0.15850E-005  0.0000      0.16254E-005
     146 -0.26516E-006-0.15403E-005  0.0000      0.15629E-005
     147 -0.14077E-006-0.15210E-005  0.0000      0.15275E-005
     148 -0.15040E-007-0.15922E-005  0.0000      0.15923E-005
 
  ***** POST1 NODAL DEGREE OF FREEDOM LISTING *****                            
 
  LOAD STEP=     1  SUBSTEP=     1                                             
   TIME=    1.0000      LOAD CASE=   0                                         
 
  THE FOLLOWING DEGREE OF FREEDOM RESULTS ARE IN THE GLOBAL COORDINATE SYSTEM  
 
    NODE       UX           UY           UZ           USUM  
     149  0.10031E-006-0.18188E-005  0.0000      0.18216E-005
     150  0.18281E-006-0.20424E-005  0.0000      0.20506E-005
     151  0.39048E-006-0.27065E-005  0.0000      0.27345E-005
     152 -0.11467E-005-0.90848E-005  0.0000      0.91569E-005
     153 -0.15073E-005-0.81020E-005  0.0000      0.82410E-005
     154 -0.16016E-005-0.75027E-005  0.0000      0.76718E-005
     155 -0.17322E-005-0.69183E-005  0.0000      0.71318E-005
     156 -0.17312E-005-0.59668E-005  0.0000      0.62128E-005
     157 -0.15642E-005-0.55013E-005  0.0000      0.57193E-005
     158 -0.14072E-005-0.50130E-005  0.0000      0.52068E-005
     159 -0.12336E-005-0.45447E-005  0.0000      0.47091E-005
     160 -0.10601E-005-0.40667E-005  0.0000      0.42026E-005
     161 -0.88470E-006-0.35677E-005  0.0000      0.36758E-005
     162  0.86533E-007-0.96592E-005  0.0000      0.96595E-005
     163 -0.73356E-008-0.10240E-004  0.0000      0.10240E-004
     164 -0.15385E-006-0.10588E-004  0.0000      0.10589E-004
     165 -0.33211E-006-0.10829E-004  0.0000      0.10834E-004
     166 -0.48157E-006-0.10936E-004  0.0000      0.10947E-004
     167 -0.65520E-006-0.10876E-004  0.0000      0.10896E-004
     168 -0.76933E-006-0.10698E-004  0.0000      0.10726E-004
     169 -0.82511E-006-0.10462E-004  0.0000      0.10495E-004
     170 -0.87942E-006-0.99968E-005  0.0000      0.10035E-004
     171 -0.76076E-008-0.98292E-006  0.0000      0.98295E-006
     172 -0.19915E-005-0.68715E-005  0.0000      0.71542E-005
     173  0.74568E-006-0.30807E-005  0.0000      0.31697E-005
     174 -0.20623E-005-0.65300E-005  0.0000      0.68480E-005
     175 -0.16383E-005-0.13116E-004  0.0000      0.13218E-004
     176 -0.55226E-007-0.14255E-005  0.0000      0.14266E-005
     177 -0.53545E-006-0.25460E-005  0.0000      0.26017E-005
     178 -0.19937E-005-0.14633E-004  0.0000      0.14768E-004
     179 -0.32694E-005-0.14475E-004  0.0000      0.14840E-004
     180 -0.77217E-007-0.14249E-005  0.0000      0.14270E-005
     181 -0.39712E-006-0.15976E-005  0.0000      0.16462E-005
     182 -0.16366E-005-0.13206E-004  0.0000      0.13307E-004
     183 -0.17570E-005-0.13746E-004  0.0000      0.13858E-004
     184  0.20619E-006-0.84555E-005  0.0000      0.84580E-005
     185 -0.63475E-006-0.19112E-005  0.0000      0.20139E-005
 
  ***** POST1 NODAL DEGREE OF FREEDOM LISTING *****                            
 
  LOAD STEP=     1  SUBSTEP=     1                                             
   TIME=    1.0000      LOAD CASE=   0                                         
 
  THE FOLLOWING DEGREE OF FREEDOM RESULTS ARE IN THE GLOBAL COORDINATE SYSTEM  
 
    NODE       UX           UY           UZ           USUM  
     186 -0.10093E-005-0.28334E-005  0.0000      0.30078E-005
     187 -0.37963E-005-0.13109E-004  0.0000      0.13647E-004
     188  0.84321E-006-0.71187E-005  0.0000      0.71685E-005
     189 -0.22426E-005-0.72192E-005  0.0000      0.75595E-005
     190 -0.63379E-006-0.20908E-005  0.0000      0.21848E-005
     191 -0.60053E-005-0.17555E-004  0.0000      0.18554E-004
     192 -0.39374E-005-0.11976E-004  0.0000      0.12606E-004
     193 -0.47904E-005-0.15864E-004  0.0000      0.16571E-004
     194 -0.54354E-006-0.10698E-004  0.0000      0.10712E-004
     195 -0.54706E-006-0.99741E-005  0.0000      0.99891E-005
     196 -0.28660E-005-0.13379E-004  0.0000      0.13682E-004
     197 -0.36656E-005-0.15476E-004  0.0000      0.15904E-004
     198 -0.43266E-005-0.18111E-004  0.0000      0.18620E-004
     199 -0.43614E-005-0.20367E-004  0.0000      0.20828E-004
     200 -0.33957E-005-0.20921E-004  0.0000      0.21195E-004
     201 -0.27446E-005-0.19571E-004  0.0000      0.19762E-004
     202 -0.17321E-005-0.19379E-004  0.0000      0.19456E-004
     203 -0.18675E-005-0.17516E-004  0.0000      0.17615E-004
     204  0.26657E-006-0.14994E-005  0.0000      0.15229E-005
     205 -0.81208E-007-0.94993E-006  0.0000      0.95340E-006
     206 -0.19750E-005-0.56849E-005  0.0000      0.60182E-005
     207 -0.25813E-005-0.16701E-004  0.0000      0.16899E-004
     208 -0.31085E-005-0.15140E-004  0.0000      0.15456E-004
     209 -0.41033E-005-0.11524E-004  0.0000      0.12233E-004
     210  0.55561E-007-0.11399E-005  0.0000      0.11412E-005
     211  0.12215E-005-0.59059E-005  0.0000      0.60309E-005
     212 -0.10662E-005-0.11886E-004  0.0000      0.11933E-004
     213 -0.21073E-005-0.60988E-005  0.0000      0.64526E-005
     214 -0.22286E-005-0.15107E-004  0.0000      0.15271E-004
     215 -0.39490E-005-0.13138E-004  0.0000      0.13719E-004
     216 -0.27113E-005-0.85337E-005  0.0000      0.89541E-005
     217 -0.78976E-006-0.10723E-004  0.0000      0.10752E-004
     218 -0.64009E-006-0.29604E-005  0.0000      0.30289E-005
     219 -0.21312E-005-0.71396E-005  0.0000      0.74509E-005
     220 -0.12124E-006-0.68875E-006  0.0000      0.69934E-006
     221 -0.33478E-006-0.14022E-005  0.0000      0.14416E-005
     222 -0.34970E-006-0.18243E-005  0.0000      0.18575E-005
 
  ***** POST1 NODAL DEGREE OF FREEDOM LISTING *****                            
 
  LOAD STEP=     1  SUBSTEP=     1                                             
   TIME=    1.0000      LOAD CASE=   0                                         
 
  THE FOLLOWING DEGREE OF FREEDOM RESULTS ARE IN THE GLOBAL COORDINATE SYSTEM  
 
    NODE       UX           UY           UZ           USUM  
     223 -0.99419E-006-0.35965E-005  0.0000      0.37314E-005
     224 -0.15444E-005-0.46689E-005  0.0000      0.49177E-005
     225 -0.16505E-005-0.40922E-005  0.0000      0.44125E-005
     226 -0.24327E-006-0.12499E-005  0.0000      0.12734E-005
     227 -0.21122E-005-0.67943E-005  0.0000      0.71150E-005
     228 -0.22383E-005-0.64614E-005  0.0000      0.68381E-005
     229 -0.20376E-005-0.65262E-005  0.0000      0.68369E-005
     230 -0.17098E-005-0.70406E-005  0.0000      0.72452E-005
     231 -0.16944E-005-0.76341E-005  0.0000      0.78198E-005
     232 -0.12252E-005-0.11247E-004  0.0000      0.11314E-004
     233 -0.13287E-005-0.11351E-004  0.0000      0.11428E-004
     234 -0.17251E-005-0.13508E-004  0.0000      0.13618E-004
     235 -0.18152E-005-0.14039E-004  0.0000      0.14155E-004
     236 -0.23916E-005-0.15403E-004  0.0000      0.15587E-004
     237 -0.24467E-005-0.15932E-004  0.0000      0.16118E-004
     238 -0.25554E-005-0.16148E-004  0.0000      0.16348E-004
     239 -0.28925E-005-0.15826E-004  0.0000      0.16089E-004
     240 -0.28450E-005-0.15521E-004  0.0000      0.15779E-004
     241 -0.36414E-005-0.13295E-004  0.0000      0.13785E-004
     242 -0.36637E-005-0.12354E-004  0.0000      0.12886E-004
     243 -0.37928E-005-0.11793E-004  0.0000      0.12388E-004
     244 -0.37679E-005-0.11008E-004  0.0000      0.11635E-004
     245 -0.35557E-005-0.10050E-004  0.0000      0.10660E-004
     246  0.12002E-005-0.45759E-005  0.0000      0.47307E-005
     247  0.10152E-005-0.50950E-005  0.0000      0.51952E-005
     248  0.10456E-005-0.58854E-005  0.0000      0.59776E-005
     249  0.75591E-006-0.70439E-005  0.0000      0.70843E-005
     250  0.30914E-006-0.81896E-005  0.0000      0.81955E-005
     251 -0.79729E-006-0.10834E-004  0.0000      0.10863E-004
     252 -0.10610E-005-0.11713E-004  0.0000      0.11761E-004
     253 -0.71930E-006-0.11140E-004  0.0000      0.11163E-004
     254 -0.82990E-006-0.11345E-004  0.0000      0.11375E-004
     255 -0.11928E-005-0.12393E-004  0.0000      0.12450E-004
     256 -0.19064E-005-0.60754E-005  0.0000      0.63675E-005
     257 -0.17578E-005-0.62823E-005  0.0000      0.65236E-005
     258 -0.19044E-005-0.68534E-005  0.0000      0.71131E-005
     259 -0.20149E-005-0.70751E-005  0.0000      0.73564E-005
 
  ***** POST1 NODAL DEGREE OF FREEDOM LISTING *****                            
 
  LOAD STEP=     1  SUBSTEP=     1                                             
   TIME=    1.0000      LOAD CASE=   0                                         
 
  THE FOLLOWING DEGREE OF FREEDOM RESULTS ARE IN THE GLOBAL COORDINATE SYSTEM  
 
    NODE       UX           UY           UZ           USUM  
     260 -0.21297E-005-0.73609E-005  0.0000      0.76628E-005
     261 -0.95796E-006-0.25625E-005  0.0000      0.27357E-005
     262 -0.35879E-006-0.12981E-005  0.0000      0.13468E-005
     263 -0.83581E-007-0.71529E-006  0.0000      0.72016E-006
     264 -0.11909E-008-0.32691E-006  0.0000      0.32691E-006
     265 -0.18545E-005-0.68246E-005  0.0000      0.70720E-005
     266 -0.18744E-005-0.65847E-005  0.0000      0.68463E-005
     267  0.25624E-007-0.14758E-005  0.0000      0.14760E-005
     268  0.88969E-007-0.87086E-005  0.0000      0.87090E-005
     269 -0.15144E-005-0.12035E-004  0.0000      0.12130E-004
     270 -0.44421E-005-0.14436E-004  0.0000      0.15104E-004
     271 -0.54917E-005-0.14808E-004  0.0000      0.15794E-004
     272 -0.28435E-005-0.21821E-004  0.0000      0.22005E-004
     273 -0.29375E-005-0.16516E-004  0.0000      0.16775E-004
     274 -0.19770E-005-0.51937E-005  0.0000      0.55573E-005
     275 -0.18937E-006-0.90375E-006  0.0000      0.92337E-006
     276 -0.13503E-005-0.88882E-005  0.0000      0.89901E-005
     277 -0.18166E-005-0.67006E-005  0.0000      0.69425E-005
     278 -0.21600E-005-0.64963E-005  0.0000      0.68460E-005
     279 -0.13827E-005-0.12199E-004  0.0000      0.12277E-004
     280 -0.15116E-005-0.12797E-004  0.0000      0.12886E-004
     281 -0.17442E-005-0.13646E-004  0.0000      0.13757E-004
     282 -0.27568E-005-0.15931E-004  0.0000      0.16168E-004
     283 -0.28871E-005-0.15716E-004  0.0000      0.15979E-004
     284 -0.28374E-005-0.15295E-004  0.0000      0.15556E-004
     285 -0.34694E-005-0.13779E-004  0.0000      0.14209E-004
     286 -0.37102E-005-0.12798E-004  0.0000      0.13325E-004
     287 -0.37755E-005-0.12015E-004  0.0000      0.12594E-004
     288 -0.36875E-005-0.11211E-004  0.0000      0.11802E-004
     289 -0.37007E-005-0.10589E-004  0.0000      0.11217E-004
     290 -0.34423E-005-0.98723E-005  0.0000      0.10455E-004
     291 -0.23599E-005-0.75344E-005  0.0000      0.78954E-005
     292 -0.22576E-005-0.66355E-005  0.0000      0.70090E-005
     293 -0.16091E-006-0.15117E-005  0.0000      0.15202E-005
     294 -0.55671E-007-0.11586E-005  0.0000      0.11599E-005
     295  0.90748E-006-0.65583E-005  0.0000      0.66208E-005
     296  0.60445E-006-0.75550E-005  0.0000      0.75792E-005
 
  ***** POST1 NODAL DEGREE OF FREEDOM LISTING *****                            
 
  LOAD STEP=     1  SUBSTEP=     1                                             
   TIME=    1.0000      LOAD CASE=   0                                         
 
  THE FOLLOWING DEGREE OF FREEDOM RESULTS ARE IN THE GLOBAL COORDINATE SYSTEM  
 
    NODE       UX           UY           UZ           USUM  
     297 -0.70954E-006-0.11012E-004  0.0000      0.11035E-004
     298 -0.90889E-006-0.11389E-004  0.0000      0.11425E-004
     299 -0.14971E-005-0.13552E-004  0.0000      0.13635E-004
     300 -0.52343E-005-0.17836E-004  0.0000      0.18588E-004
     301 -0.58430E-005-0.15879E-004  0.0000      0.16919E-004
     302 -0.63943E-005-0.16871E-004  0.0000      0.18042E-004
     303 -0.79530E-006-0.31801E-005  0.0000      0.32781E-005
     304 -0.18499E-005-0.57551E-005  0.0000      0.60451E-005
     305 -0.24893E-005-0.16638E-004  0.0000      0.16823E-004
     306 -0.18944E-005-0.18586E-004  0.0000      0.18682E-004
     307 -0.25999E-005-0.17905E-004  0.0000      0.18093E-004
     308 -0.29177E-005-0.17179E-004  0.0000      0.17425E-004
     309 -0.20472E-005-0.66655E-005  0.0000      0.69728E-005
     310 -0.10416E-005-0.11531E-004  0.0000      0.11578E-004
     311 -0.19205E-005-0.70356E-005  0.0000      0.72931E-005
     312 -0.25412E-005-0.14685E-004  0.0000      0.14903E-004
     313 -0.20040E-005-0.67043E-005  0.0000      0.69974E-005
     314 -0.13365E-005-0.12318E-004  0.0000      0.12391E-004

 MAXIMUM ABSOLUTE VALUES
 NODE         16           12            0           12
 VALUE  -0.71101E-005-0.23560E-004  0.0000      0.24154E-004

