/COM,ANSYS RELEASE 2020 R1           BUILD 20.1      UP20191203       12:25:57

 *** WARNING ***                         CP =       1.375   TIME= 12:26:40
 DATA is not a recognized BEGIN command, abbreviation, or macro.  This   
 command will be ignored.                                                

 *** WARNING ***   SUPPRESSED MESSAGE    CP =       2.969   TIME= 12:27:16
 The requested S data is not available.  The PDEF command is ignored.    

 *** WARNING ***   SUPPRESSED MESSAGE    CP =       3.000   TIME= 12:27:16
 Invalid PCALC INTG path label SY.                                       
  The PCALC command is ignored.                                          

 *** WARNING ***   SUPPRESSED MESSAGE    CP =       4.328   TIME= 12:27:19
 The requested S data is not available.  The PDEF command is ignored.    

 *** WARNING ***   SUPPRESSED MESSAGE    CP =       4.328   TIME= 12:27:19
 Invalid PCALC INTG path label SY.                                       
  The PCALC command is ignored.                                          

 *** WARNING ***   SUPPRESSED MESSAGE    CP =       5.156   TIME= 12:27:20
 Meshing of area 3 aborted by user                                       
  (Logfile for this session requires correction).                        

 *** WARNING ***   SUPPRESSED MESSAGE    CP =       5.156   TIME= 12:27:20
 The EPLOT command cannot be executed.  The selected elements cannot be  
 displayed by PowerGraphics.  To correct this situation, select          
 different elements or turn off PowerGraphics.                           

 *** WARNING ***   SUPPRESSED MESSAGE    CP =       5.156   TIME= 12:27:20
 No nodes are selected.  The CPINTF command is ignored.                  

 *** WARNING ***   SUPPRESSED MESSAGE    CP =       5.172   TIME= 12:27:20
 Line 9 has no nodes associated with it.  Constraint not transferred.    

 *** ERROR ***     SUPPRESSED MESSAGE    CP =       5.172   TIME= 12:27:20
 There are no nodes defined.                                             
